log started: Wed Sep 24 13:12:51 2025

Log file: ./leap.log
>> #
>> # ----- leaprc for loading the ff14SB force field
>> # ----- NOTE: this is designed for PDB format 3!
>> #
>> #	load atom type hybridizations
>> #
>> addAtomTypes {
>> 	{ "H"   "H" "sp3" }
>> 	{ "HO"  "H" "sp3" }
>> 	{ "HS"  "H" "sp3" }
>> 	{ "H1"  "H" "sp3" }
>> 	{ "H2"  "H" "sp3" }
>> 	{ "H3"  "H" "sp3" }
>> 	{ "H4"  "H" "sp3" }
>> 	{ "H5"  "H" "sp3" }
>> 	{ "HW"  "H" "sp3" }
>> 	{ "HC"  "H" "sp3" }
>> 	{ "HA"  "H" "sp3" }
>> 	{ "HP"  "H" "sp3" }
>> 	{ "HZ"  "H" "sp3" }
>> 	{ "OH"  "O" "sp3" }
>> 	{ "OS"  "O" "sp3" }
>> 	{ "O"   "O" "sp2" }
>> 	{ "O2"  "O" "sp2" }
>> 	{ "OP"  "O" "sp2" }
>> 	{ "OW"  "O" "sp3" }
>> 	{ "CT"  "C" "sp3" }
>> 	{ "CX"  "C" "sp3" }
>> 	{ "C8"  "C" "sp3" }
>> 	{ "2C"  "C" "sp3" }
>> 	{ "3C"  "C" "sp3" }
>> 	{ "CH"  "C" "sp3" }
>> 	{ "CS"  "C" "sp2" }
>> 	{ "C"   "C" "sp2" }
>> 	{ "CO"   "C" "sp2" }
>> 	{ "C*"  "C" "sp2" }
>> 	{ "CA"  "C" "sp2" }
>> 	{ "CB"  "C" "sp2" }
>> 	{ "CC"  "C" "sp2" }
>> 	{ "CN"  "C" "sp2" }
>> 	{ "CM"  "C" "sp2" }
>> 	{ "CK"  "C" "sp2" }
>> 	{ "CQ"  "C" "sp2" }
>> 	{ "CD"  "C" "sp2" }
>> 	{ "C5"  "C" "sp2" }
>> 	{ "C4"  "C" "sp2" }
>> 	{ "CP"  "C" "sp2" }
>> 	{ "CI"  "C" "sp3" }
>> 	{ "CJ"  "C" "sp2" }
>> 	{ "CW"  "C" "sp2" }
>> 	{ "CV"  "C" "sp2" }
>> 	{ "CR"  "C" "sp2" }
>> 	{ "CA"  "C" "sp2" }
>> 	{ "CY"  "C" "sp2" }
>> 	{ "C0"  "Ca" "sp3" }
>> 	{ "MG"  "Mg" "sp3" }
>> 	{ "N"   "N" "sp2" }
>> 	{ "NA"  "N" "sp2" }
>> 	{ "N2"  "N" "sp2" }
>> 	{ "N*"  "N" "sp2" }
>> 	{ "NP"  "N" "sp2" }
>> 	{ "NQ"  "N" "sp2" }
>> 	{ "NB"  "N" "sp2" }
>> 	{ "NC"  "N" "sp2" }
>> 	{ "NT"  "N" "sp3" }
>> 	{ "NY"  "N" "sp2" }
>> 	{ "N3"  "N" "sp3" }
>> 	{ "S"   "S" "sp3" }
>> 	{ "SH"  "S" "sp3" }
>> 	{ "P"   "P" "sp3" }
>> 	{ "LP"  ""  "sp3" }
>> 	{ "EP"  ""  "sp3" }
>> 	{ "F"   "F" "sp3" }
>> 	{ "Cl"  "Cl" "sp3" }
>> 	{ "Br"  "Br" "sp3" }
>> 	{ "I"   "I"  "sp3" }
>> }
>> #
>> #	Load the main parameter set.
>> #
>> parm10 = loadamberparams parm10.dat
Loading parameters: /home/markelgi/miniforge3/envs/abfe/dat/leap/parm/parm10.dat
Reading title:
PARM99 + frcmod.ff99SB + frcmod.parmbsc0 + OL3 for RNA
>> frcmod14SB = loadamberparams frcmod.ff14SB
Loading parameters: /home/markelgi/miniforge3/envs/abfe/dat/leap/parm/frcmod.ff14SB
Reading force field modification type file (frcmod)
Reading title:
ff14SB protein backbone and sidechain parameters
>> #
>> #	Load main chain and terminating amino acid libraries
>> #
>> loadOff amino12.lib
Loading library: /home/markelgi/miniforge3/envs/abfe/dat/leap/lib/amino12.lib
Loading: ALA
Loading: ARG
Loading: ASH
Loading: ASN
Loading: ASP
Loading: CYM
Loading: CYS
Loading: CYX
Loading: GLH
Loading: GLN
Loading: GLU
Loading: GLY
Loading: HID
Loading: HIE
Loading: HIP
Loading: HYP
Loading: ILE
Loading: LEU
Loading: LYN
Loading: LYS
Loading: MET
Loading: PHE
Loading: PRO
Loading: SER
Loading: THR
Loading: TRP
Loading: TYR
Loading: VAL
>> loadOff aminoct12.lib
Loading library: /home/markelgi/miniforge3/envs/abfe/dat/leap/lib/aminoct12.lib
Loading: CALA
Loading: CARG
Loading: CASN
Loading: CASP
Loading: CCYS
Loading: CCYX
Loading: CGLN
Loading: CGLU
Loading: CGLY
Loading: CHID
Loading: CHIE
Loading: CHIP
Loading: CHYP
Loading: CILE
Loading: CLEU
Loading: CLYS
Loading: CMET
Loading: CPHE
Loading: CPRO
Loading: CSER
Loading: CTHR
Loading: CTRP
Loading: CTYR
Loading: CVAL
Loading: NHE
Loading: NME
>> loadOff aminont12.lib
Loading library: /home/markelgi/miniforge3/envs/abfe/dat/leap/lib/aminont12.lib
Loading: ACE
Loading: NALA
Loading: NARG
Loading: NASN
Loading: NASP
Loading: NCYS
Loading: NCYX
Loading: NGLN
Loading: NGLU
Loading: NGLY
Loading: NHID
Loading: NHIE
Loading: NHIP
Loading: NILE
Loading: NLEU
Loading: NLYS
Loading: NMET
Loading: NPHE
Loading: NPRO
Loading: NSER
Loading: NTHR
Loading: NTRP
Loading: NTYR
Loading: NVAL
>> 
>> #
>> #	Define the PDB name map for the amino acids
>> #
>> addPdbResMap {
>>   { 0 "HYP" "HYP" } { 1 "HYP" "CHYP" }
>>   { 0 "ALA" "NALA" } { 1 "ALA" "CALA" }
>>   { 0 "ARG" "NARG" } { 1 "ARG" "CARG" }
>>   { 0 "ASN" "NASN" } { 1 "ASN" "CASN" }
>>   { 0 "ASP" "NASP" } { 1 "ASP" "CASP" }
>>   { 0 "CYS" "NCYS" } { 1 "CYS" "CCYS" }
>>   { 0 "CYX" "NCYX" } { 1 "CYX" "CCYX" }
>>   { 0 "GLN" "NGLN" } { 1 "GLN" "CGLN" }
>>   { 0 "GLU" "NGLU" } { 1 "GLU" "CGLU" }
>>   { 0 "GLY" "NGLY" } { 1 "GLY" "CGLY" }
>>   { 0 "HID" "NHID" } { 1 "HID" "CHID" }
>>   { 0 "HIE" "NHIE" } { 1 "HIE" "CHIE" }
>>   { 0 "HIP" "NHIP" } { 1 "HIP" "CHIP" }
>>   { 0 "ILE" "NILE" } { 1 "ILE" "CILE" }
>>   { 0 "LEU" "NLEU" } { 1 "LEU" "CLEU" }
>>   { 0 "LYS" "NLYS" } { 1 "LYS" "CLYS" }
>>   { 0 "MET" "NMET" } { 1 "MET" "CMET" }
>>   { 0 "PHE" "NPHE" } { 1 "PHE" "CPHE" }
>>   { 0 "PRO" "NPRO" } { 1 "PRO" "CPRO" }
>>   { 0 "SER" "NSER" } { 1 "SER" "CSER" }
>>   { 0 "THR" "NTHR" } { 1 "THR" "CTHR" }
>>   { 0 "TRP" "NTRP" } { 1 "TRP" "CTRP" }
>>   { 0 "TYR" "NTYR" } { 1 "TYR" "CTYR" }
>>   { 0 "VAL" "NVAL" } { 1 "VAL" "CVAL" }
>>   { 0 "HIS" "NHIS" } { 1 "HIS" "CHIS" }
>> }
>> 
>> #
>> # assume that most often proteins use HIE
>> #
>> NHIS = NHIE
>> HIS = HIE
>> CHIS = CHIE
> 
> source leaprc.gaff2
----- Source: /home/markelgi/miniforge3/envs/abfe/dat/leap/cmd/leaprc.gaff2
----- Source of /home/markelgi/miniforge3/envs/abfe/dat/leap/cmd/leaprc.gaff2 done
>> logFile leap.log
log started: Wed Sep 24 13:12:51 2025

Log file: ./leap.log
>> #
>> # ----- leaprc for loading the general Amber Force field.
>> #       This file is mostly for use with Antechamber
>> #
>> #	load atom type hybridizations
>> #
>> addAtomTypes {
>> 	{ "h1"  "H" "sp3" }
>> 	{ "h2"  "H" "sp3" }
>> 	{ "h3"  "H" "sp3" }
>> 	{ "h4"  "H" "sp3" }
>> 	{ "h5"  "H" "sp3" }
>> 	{ "ha"  "H" "sp3" }
>> 	{ "hc"  "H" "sp3" }
>> 	{ "hn"  "H" "sp3" }
>> 	{ "ho"  "H" "sp3" }
>> 	{ "hp"  "H" "sp3" }
>> 	{ "hs"  "H" "sp3" }
>> 	{ "hw"  "H" "sp3" }
>> 	{ "hx"  "H" "sp3" }
>> 	{ "o"  "O" "sp2" }
>> 	{ "o2"  "O" "sp2" }
>> 	{ "oh"  "O" "sp3" }
>> 	{ "op"  "O" "sp3" }
>> 	{ "oq"  "O" "sp3" }
>> 	{ "os"  "O" "sp3" }
>> 	{ "ow"  "O" "sp3" }
>> 	{ "c"  "C" "sp2" }
>> 	{ "c1"  "C" "sp2" }
>> 	{ "c2"  "C" "sp2" }
>> 	{ "c3"  "C" "sp3" }
>> 	{ "ca"  "C" "sp2" }
>> 	{ "cc"  "C" "sp2" }
>> 	{ "cd"  "C" "sp2" }
>> 	{ "ce"  "C" "sp2" }
>> 	{ "cf"  "C" "sp2" }
>> 	{ "cg"  "C" "sp2" }
>> 	{ "ch"  "C" "sp2" }
>> 	{ "cp"  "C" "sp2" }
>> 	{ "cs"  "C" "sp2" }
>> 	{ "cq"  "C" "sp2" }
>> 	{ "cu"  "C" "sp2" }
>> 	{ "cv"  "C" "sp2" }
>> 	{ "cx"  "C" "sp2" }
>> 	{ "cy"  "C" "sp2" }
>> 	{ "cz"  "C" "sp2" }
>> 	{ "n"   "N" "sp2" }
>> 	{ "n1"  "N" "sp2" }
>> 	{ "n2"  "N" "sp2" }
>> 	{ "n3"  "N" "sp3" }
>> 	{ "n4"  "N" "sp3" }
>> 	{ "n5"  "N" "sp3" }
>> 	{ "n6"  "N" "sp3" }
>> 	{ "n7"  "N" "sp3" }
>> 	{ "n8"  "N" "sp3" }
>> 	{ "n9"  "N" "sp3" }
>> 	{ "na"  "N" "sp2" }
>> 	{ "nb"  "N" "sp2" }
>> 	{ "nc"  "N" "sp2" }
>> 	{ "nd"  "N" "sp2" }
>> 	{ "ne"  "N" "sp2" }
>> 	{ "nf"  "N" "sp2" }
>> 	{ "nh"  "N" "sp2" }
>> 	{ "ni"  "N" "sp2" }
>> 	{ "nj"  "N" "sp2" }
>> 	{ "nk"  "N" "sp3" }
>> 	{ "nl"  "N" "sp3" }
>> 	{ "nm"  "N" "sp2" }
>> 	{ "nn"  "N" "sp2" }
>> 	{ "no"  "N" "sp2" }
>> 	{ "np"  "N" "sp3" }
>> 	{ "nq"  "N" "sp3" }
>> 	{ "ns"  "N" "sp2" }
>> 	{ "nt"  "N" "sp2" }
>> 	{ "nu"  "N" "sp2" }
>> 	{ "nv"  "N" "sp2" }
>> 	{ "nx"  "N" "sp3" }
>> 	{ "ny"  "N" "sp3" }
>> 	{ "nz"  "N" "sp3" }
>> 	{ "n+"  "N" "sp3" }
>> 	{ "s"   "S" "sp2" }
>> 	{ "s2"   "S" "sp2" }
>> 	{ "s3"   "S" "sp3" }
>> 	{ "s4"   "S" "sp3" }
>> 	{ "s6"   "S" "sp3" }
>> 	{ "sh"   "S" "sp3" }
>> 	{ "sp"   "S" "sp3" }
>> 	{ "sq"   "S" "sp3" }
>> 	{ "ss"   "S" "sp3" }
>> 	{ "sx"   "S" "sp3" }
>> 	{ "sy"   "S" "sp3" }
>> 	{ "p2"   "P" "sp2" }
>> 	{ "p3"   "P" "sp3" }
>> 	{ "p4"   "P" "sp3" }
>> 	{ "p5"   "P" "sp3" }
>> 	{ "pb"   "P" "sp3" }
>> 	{ "pc"   "P" "sp3" }
>> 	{ "pd"   "P" "sp3" }
>> 	{ "pe"   "P" "sp3" }
>> 	{ "pf"   "P" "sp3" }
>> 	{ "px"   "P" "sp3" }
>> 	{ "py"   "P" "sp3" }
>> 	{ "f"   "F" "sp3" }
>> 	{ "cl"  "Cl" "sp3" }
>> 	{ "br"  "Br" "sp3" }
>> 	{ "i"   "I"  "sp3" }
>> }
>> #
>> #	Load the general force field parameter set.
>> #
>> gaff = loadamberparams gaff2.dat
Loading parameters: /home/markelgi/miniforge3/envs/abfe/dat/leap/parm/gaff2.dat
Reading title:
AMBER General Force Field for organic molecules (Version 2.2.20, March 2021)
(UNKNOWN ATOM TYPE: c6)
> 
> source leaprc.water.tip3p
----- Source: /home/markelgi/miniforge3/envs/abfe/dat/leap/cmd/leaprc.water.tip3p
----- Source of /home/markelgi/miniforge3/envs/abfe/dat/leap/cmd/leaprc.water.tip3p done
>> #
>> #       Load water and ions for TIP3P + Li/Merz monovalent ions 
>> #       + Joung-Chetham monovalent ions
>> #       + Li/Merz highly charged ions (+2 to +4, 12-6 normal usage set)
>> #
>> #       Note: the Li/Merz monovalent set is loaded only to get Tl+,
>> #          Cu+, Ag+ NH4+, H3O+.  Since we load Joung-Cheatham second,
>> #          the alkali halide parameters come from the Joung-Cheatham set
>> #
>> addAtomTypes {
>> 	{ "HW"  "H" "sp3" }
>> 	{ "OW"  "O" "sp3" }
>> 	{ "F-"   "F" "sp3" }
>> 	{ "Cl-"  "Cl" "sp3" }
>> 	{ "Br-"  "Br" "sp3" }
>> 	{ "I-"   "I"  "sp3" }
>> 	{ "Li+"  "Li"  "sp3" }
>> 	{ "Na+"  "Na"  "sp3" }
>> 	{ "K+"  "K"  "sp3" }
>> 	{ "Rb+"  "Rb"  "sp3" }
>> 	{ "Cs+"  "Cs"  "sp3" }
>> 	{ "Mg+"  "Mg"  "sp3" }
>>     { "Tl+"  "Tl"  "sp3" }
>>     { "Cu+"  "Cu"  "sp3" }
>>     { "Ag+"  "Ag"  "sp3" }
>>     { "NH4+"  "N"  "sp3" }
>>     { "H3O+"  "O"  "sp3" }
>>     { "Be2+" "Be"  "sp3" }
>>     { "Cu2+" "Cu"  "sp3" }
>>     { "Ni2+" "Ni"  "sp3" }
>>     { "Pt2+" "Pt"  "sp3" }
>>     { "Zn2+" "Zn"  "sp3" }
>>     { "Co2+" "Co"  "sp3" }
>>     { "Pd2+" "Pd"  "sp3" }
>>     { "Ag2+" "Ag"  "sp3" }
>>     { "Cr2+" "Cr"  "sp3" }
>>     { "Fe2+" "Fe"  "sp3" }
>>     { "Mg2+" "Mg"  "sp3" }
>>     { "V2+"  "V"   "sp3" }
>>     { "Mn2+" "Mn"  "sp3" }
>>     { "Hg2+" "Hg"  "sp3" }
>>     { "Cd2+" "Cd"  "sp3" }
>>     { "Yb2+" "Yb"  "sp3" }
>>     { "Ca2+" "Ca"  "sp3" }
>>     { "Sn2+" "Sn"  "sp3" }
>>     { "Pb2+" "Pb"  "sp3" }
>>     { "Eu2+" "Eu"  "sp3" }
>>     { "Sr2+" "Sr"  "sp3" }
>>     { "Sm2+" "Sm"  "sp3" }
>>     { "Ba2+" "Ba"  "sp3" }
>>     { "Ra2+" "Ra"  "sp3" }
>>     { "Al3+" "Al"  "sp3" }
>>     { "Fe3+" "Fe"  "sp3" }
>>     { "Cr3+" "Cr"  "sp3" }
>>     { "In3+" "In"  "sp3" }
>>     { "Tl3+" "Tl"  "sp3" }
>>     { "Y3+"  "Y"   "sp3" }
>>     { "La3+" "La"  "sp3" }
>>     { "Ce3+" "Ce"  "sp3" }
>>     { "Pr3+" "Pr"  "sp3" }
>>     { "Nd3+" "Nd"  "sp3" }
>>     { "Sm3+" "Sm"  "sp3" }
>>     { "Eu3+" "Eu"  "sp3" }
>>     { "Gd3+" "Gd"  "sp3" }
>>     { "Tb3+" "Tb"  "sp3" }
>>     { "Dy3+" "Dy"  "sp3" }
>>     { "Er3+" "Er"  "sp3" }
>>     { "Tm3+" "Tm"  "sp3" }
>>     { "Lu3+" "Lu"  "sp3" }
>>     { "Hf4+" "Hf"  "sp3" }
>>     { "Zr4+" "Zr"  "sp3" }
>>     { "Ce4+" "Ce"  "sp3" }
>>     { "U4+"  "U"   "sp3" }
>>     { "Pu4+" "Pu"  "sp3" }
>>     { "Th4+" "Th"  "sp3" }
>> }
>> loadOff atomic_ions.lib
Loading library: /home/markelgi/miniforge3/envs/abfe/dat/leap/lib/atomic_ions.lib
Loading: AG
Loading: AL
Loading: Ag
Loading: BA
Loading: BR
Loading: Be
Loading: CA
Loading: CD
Loading: CE
Loading: CL
Loading: CO
Loading: CR
Loading: CS
Loading: CU
Loading: CU1
Loading: Ce
Loading: Cl-
Loading: Cr
Loading: Dy
Loading: EU
Loading: EU3
Loading: Er
Loading: F
Loading: FE
Loading: FE2
Loading: GD3
Loading: H3O+
Loading: HE+
Loading: HG
Loading: HZ+
Loading: Hf
Loading: IN
Loading: IOD
Loading: K
Loading: K+
Loading: LA
Loading: LI
Loading: LU
Loading: MG
Loading: MN
Loading: NA
Loading: NH4
Loading: NI
Loading: Na+
Loading: Nd
Loading: PB
Loading: PD
Loading: PR
Loading: PT
Loading: Pu
Loading: RB
Loading: Ra
Loading: SM
Loading: SR
Loading: Sm
Loading: Sn
Loading: TB
Loading: TL
Loading: Th
Loading: Tl
Loading: Tm
Loading: U4+
Loading: V2+
Loading: Y
Loading: YB2
Loading: ZN
Loading: Zr
>> loadOff solvents.lib
Loading library: /home/markelgi/miniforge3/envs/abfe/dat/leap/lib/solvents.lib
Loading: CHCL3BOX
Loading: DC4
Loading: FB3
Loading: FB3BOX
Loading: FB4
Loading: FB4BOX
Loading: MEOHBOX
Loading: NMABOX
Loading: O3P
Loading: OP3
Loading: OPC
Loading: OPC3BOX
Loading: OPC3POLBOX
Loading: OPCBOX
Loading: PL3
Loading: POL3BOX
Loading: QSPCFWBOX
Loading: SPC
Loading: SPCBOX
Loading: SPCFWBOX
Loading: SPF
Loading: SPG
Loading: T4E
Loading: TIP3PBOX
Loading: TIP3PFBOX
Loading: TIP4PBOX
Loading: TIP4PEWBOX
Loading: TIP5PBOX
Loading: TP3
Loading: TP4
Loading: TP5
Loading: TPF
>> HOH = TP3
>> WAT = TP3
>> loadAmberParams frcmod.tip3p
Loading parameters: /home/markelgi/miniforge3/envs/abfe/dat/leap/parm/frcmod.tip3p
Reading force field modification type file (frcmod)
Reading title:
This is the additional/replacement parameter set for TIP3P water
>> loadAmberParams frcmod.ions1lm_126_tip3p
Loading parameters: /home/markelgi/miniforge3/envs/abfe/dat/leap/parm/frcmod.ions1lm_126_tip3p
Reading force field modification type file (frcmod)
Reading title:
Li/Merz ion parameters of monovalent ions for TIP3P water model (12-6 normal usage set)
>> loadAmberParams frcmod.ionsjc_tip3p
Loading parameters: /home/markelgi/miniforge3/envs/abfe/dat/leap/parm/frcmod.ionsjc_tip3p
Reading force field modification type file (frcmod)
Reading title:
Monovalent ion parameters for Ewald and TIP3P water from Joung & Cheatham JPCB (2008)
>> loadAmberParams frcmod.ions234lm_126_tip3p
Loading parameters: /home/markelgi/miniforge3/envs/abfe/dat/leap/parm/frcmod.ions234lm_126_tip3p
Reading force field modification type file (frcmod)
Reading title:
Li/Merz ion parameters of divalent to tetravalent ions for TIP3P water model (12-6 normal usage set)
>> 
> 
> 
> # Load molecules
> elovl6 = loadPdb moli1.pdb
Loading PDB file: ./moli1.pdb
Matching PDB residue names to LEaP variables.
Mapped residue MET, term: Terminal/beginning, seq. number: 0 to: NMET.
Mapped residue GLU, term: Terminal/last, seq. number: 264 to: CGLU.
  total atoms in file: 4406
> model_ligand = loadMol2 moli2.mol2
Loading Mol2 file: ./moli2.mol2
Reading MOLECULE named UNK
> 
> # Create complex
> complex = combine { elovl6 model_ligand }
  Sequence: default_name
  Sequence: UNK
> 
> # Solvate systems
> solvateBox complex TIP3PBOX 10 iso
  Solute vdw bounding box:              50.423 50.598 63.989
  Total bounding box for atom centers:  83.989 83.989 83.989
      (box expansion for 'iso' is  41.9%)
  Solvent unit box:                     18.774 18.774 18.774
The number of boxes:  x= 5  y= 5  z= 5
  Volume: 659886.557 A^3 
  Total mass 329529.964 amu,  Density 0.829 g/cc
  Added 16530 residues.
> addIonsRand complex K+ 0

/home/markelgi/miniforge3/envs/abfe/bin/teLeap: Warning!
addIonsRand: 1st Ion & target unit have charges of the same sign:
     unit charge = 12; ion1 charge = 1;
     can't neutralize.
> addIonsRand complex Cl- 0
12 Cl- ions required to neutralize.
Adding 12 counter ions to "complex". 16518 solvent molecules will remain.
0: Placed Cl- in complex at (25.39, -10.44, -10.22).
0: Placed Cl- in complex at (25.39, 27.11, 8.56).
0: Placed Cl- in complex at (18.75, -29.37, 1.37).
0: Placed Cl- in complex at (31.48, 7.99, 8.67).
0: Placed Cl- in complex at (15.64, -38.94, 4.05).
0: Placed Cl- in complex at (-38.85, 39.44, 7.15).
0: Placed Cl- in complex at (6.02, -32.92, -8.39).
0: Placed Cl- in complex at (32.97, 20.00, 29.24).
0: Placed Cl- in complex at (-7.70, -21.61, -31.12).
0: Placed Cl- in complex at (-35.04, 35.61, -29.59).
0: Placed Cl- in complex at (24.97, 22.36, 22.78).
0: Placed Cl- in complex at (17.32, -34.35, 28.72).
> addIonsRand complex K+ 45
Adding 45 counter ions to "complex". 16473 solvent molecules will remain.
0: Placed K+ in complex at (-32.14, -22.21, -31.69).
0: Placed K+ in complex at (-25.66, -26.59, 9.65).
0: Placed K+ in complex at (-19.69, -24.43, 35.01).
0: Placed K+ in complex at (26.93, 18.35, -41.65).
0: Placed K+ in complex at (-5.84, 23.54, 26.46).
0: Placed K+ in complex at (-16.79, 40.11, 33.44).
0: Placed K+ in complex at (-15.17, 7.57, 34.48).
0: Placed K+ in complex at (39.88, 36.38, 20.35).
0: Placed K+ in complex at (26.63, -18.11, 2.43).
0: Placed K+ in complex at (11.90, -22.02, 1.04).
0: Placed K+ in complex at (-40.70, -16.69, -16.21).
0: Placed K+ in complex at (17.13, -20.28, 26.29).
0: Placed K+ in complex at (26.21, 16.57, 17.98).
0: Placed K+ in complex at (11.31, 22.78, 16.73).
0: Placed K+ in complex at (-13.18, 40.10, -6.73).
0: Placed K+ in complex at (12.41, 23.85, -33.79).
0: Placed K+ in complex at (34.86, 35.35, -18.65).
0: Placed K+ in complex at (-4.38, -21.57, -31.07).
0: Placed K+ in complex at (39.91, -10.62, -32.68).
0: Placed K+ in complex at (-11.16, 29.81, -2.00).
0: Placed K+ in complex at (-9.36, 33.53, -14.95).
0: Placed K+ in complex at (36.79, -26.68, 31.55).
0: Placed K+ in complex at (-9.68, 7.26, 27.91).
0: Placed K+ in complex at (-7.50, 31.81, -35.12).
0: Placed K+ in complex at (-0.01, -28.39, 24.36).
0: Placed K+ in complex at (-39.23, -3.34, 33.39).
0: Placed K+ in complex at (36.63, -5.66, 16.23).
0: Placed K+ in complex at (12.43, -38.42, -23.03).
0: Placed K+ in complex at (13.93, 31.94, 28.15).
0: Placed K+ in complex at (-15.63, -39.94, 14.22).
0: Placed K+ in complex at (36.14, 0.83, 33.49).
0: Placed K+ in complex at (-14.42, -25.56, -14.38).
0: Placed K+ in complex at (31.71, -32.78, -11.09).
0: Placed K+ in complex at (-16.01, 41.65, 8.62).
0: Placed K+ in complex at (39.16, -0.65, -13.18).
0: Placed K+ in complex at (-1.04, -27.13, -20.05).
0: Placed K+ in complex at (-11.10, 38.89, 5.42).
0: Placed K+ in complex at (35.01, 1.22, 31.22).
0: Placed K+ in complex at (-30.10, 6.71, -18.97).
0: Placed K+ in complex at (21.57, -24.49, 0.99).
0: Placed K+ in complex at (31.55, 26.49, -13.97).
0: Placed K+ in complex at (35.40, -38.73, 11.14).
0: Placed K+ in complex at (-40.42, -10.85, 5.32).
0: Placed K+ in complex at (28.81, -38.69, 19.42).
0: Placed K+ in complex at (-38.11, 8.62, -22.22).
> addIonsRand complex Cl- 45
Adding 45 counter ions to "complex". 16428 solvent molecules will remain.
0: Placed Cl- in complex at (-7.50, 13.04, -35.12).
0: Placed Cl- in complex at (-25.97, 28.99, 19.55).
0: Placed Cl- in complex at (33.67, 18.68, 26.85).
0: Placed Cl- in complex at (-20.07, 1.89, 7.15).
0: Placed Cl- in complex at (-26.27, 13.04, -16.35).
0: Placed Cl- in complex at (-23.89, -17.48, 19.75).
0: Placed Cl- in complex at (-23.15, 34.75, -31.07).
0: Placed Cl- in complex at (-30.74, 8.98, 38.92).
0: Placed Cl- in complex at (-17.16, -19.42, 24.37).
0: Placed Cl- in complex at (6.81, 8.98, -36.18).
0: Placed Cl- in complex at (-39.68, 6.32, -34.26).
0: Placed Cl- in complex at (36.14, 38.38, 33.49).
0: Placed Cl- in complex at (23.10, -21.20, 30.42).
0: Placed Cl- in complex at (-33.64, 21.04, 39.89).
0: Placed Cl- in complex at (-16.44, -38.72, 1.58).
0: Placed Cl- in complex at (25.00, -27.08, -11.95).
0: Placed Cl- in complex at (17.85, 37.12, 20.50).
0: Placed Cl- in complex at (-4.61, 40.36, -5.36).
0: Placed Cl- in complex at (41.15, -11.20, 34.48).
0: Placed Cl- in complex at (24.92, 20.58, -18.34).
0: Placed Cl- in complex at (17.10, 34.21, 14.62).
0: Placed Cl- in complex at (14.44, 34.56, -16.75).
0: Placed Cl- in complex at (-41.88, 15.79, 20.79).
0: Placed Cl- in complex at (-25.29, -5.09, -31.88).
0: Placed Cl- in complex at (21.98, -15.70, -19.86).
0: Placed Cl- in complex at (-28.23, 13.07, 12.32).
0: Placed Cl- in complex at (-31.56, -6.05, -10.46).
0: Placed Cl- in complex at (23.29, -11.41, -17.76).
0: Placed Cl- in complex at (-17.24, 20.66, -31.23).
0: Placed Cl- in complex at (-37.23, -33.80, 31.10).
0: Placed Cl- in complex at (-2.14, -31.23, 22.06).
0: Placed Cl- in complex at (40.05, -39.49, -10.82).
0: Placed Cl- in complex at (-30.94, -10.44, -10.22).
0: Placed Cl- in complex at (34.69, 25.25, 26.61).
0: Placed Cl- in complex at (33.90, 34.84, 28.16).
0: Placed Cl- in complex at (10.57, -28.89, -7.62).
0: Placed Cl- in complex at (5.84, -33.93, -11.07).
0: Placed Cl- in complex at (33.17, -2.80, 6.47).
0: Placed Cl- in complex at (-13.37, -22.21, 24.63).
0: Placed Cl- in complex at (14.90, 18.68, -29.47).
0: Placed Cl- in complex at (-24.65, 36.21, 29.93).
0: Placed Cl- in complex at (38.74, -26.85, 39.50).
0: Placed Cl- in complex at (-35.04, 16.84, -10.82).
0: Placed Cl- in complex at (-36.20, 37.26, 33.01).
0: Placed Cl- in complex at (18.05, -35.93, 22.98).
> 
> # Check charge
> check complex
Checking 'complex'....
Checking parameters for unit 'complex'.
Checking for bond parameters.
Checking for angle parameters.
Unit is OK.
> 
> # Save prmtop and inpcrd files
> saveAmberParm complex molo4.prmtop molo3.inpcrd
Checking Unit.
Building topology.
Building atom parameters.
Building bond parameters.
Building angle parameters.
Building proper torsion parameters.
Building improper torsion parameters.
 total 1011 improper torsions applied
Building H-Bond parameters.
Incorporating Non-Bonded adjustments.
Not Marking per-residue atom chain types.
Marking per-residue atom chain types.
  (Residues lacking connect0/connect1 - 
   these don't have chain types marked:

	res	total affected

	CGLU	1
	NMET	1
	UNK	1
	WAT	16428
  )
 (no restraints)
> savePDB complex molo5.pdb
Writing pdb file: molo5.pdb
   printing CRYST1 record to PDB file with box info

/home/markelgi/miniforge3/envs/abfe/bin/teLeap: Warning!
 Converting N-terminal residue name to PDB format: NMET -> MET

/home/markelgi/miniforge3/envs/abfe/bin/teLeap: Warning!
 Converting C-terminal residue name to PDB format: CGLU -> GLU
> quit
	Quit

Exiting LEaP: Errors = 0; Warnings = 3; Notes = 0.
