            --------------------------------------------------------
                             AMBER SQM VERSION 19
 
                                     By
              Ross C. Walker, Michael F. Crowley, Scott Brozell,
                         Tim Giese, Andreas W. Goetz,
                        Tai-Sung Lee and David A. Case
 
            --------------------------------------------------------
 

--------------------------------------------------------------------------------
  QM CALCULATION INFO
--------------------------------------------------------------------------------

| QMMM: Citation for AMBER QMMM Run:
| QMMM: R.C. Walker, M.F. Crowley and D.A. Case, J. COMP. CHEM. 29:1019, 2008

QMMM: SINGLET STATE CALCULATION
QMMM: RHF CALCULATION, NO. OF DOUBLY OCCUPIED LEVELS = 78

| QMMM: *** Selected Hamiltonian *** 
| QMMM: AM1         

| QMMM: *** Parameter sets in use ***
| QMMM: C : M.J.S.DEWAR et al. JACS, 107, 3902, (1985)
| QMMM: O : M.J.S.DEWAR et al. JACS, 107, 3902, (1985)
| QMMM: N : M.J.S.DEWAR et al. JACS, 107, 3902, (1985)
| QMMM: S : M.J.S.DEWAR et al. INORG. CHEM., 29, 3881, (1990)
| QMMM: H : M.J.S.DEWAR et al. JACS, 107, 3902, (1985)

| QMMM: *** SCF convergence criteria ***
| QMMM: Energy change                :  0.1D-09 kcal/mol
| QMMM: Error matrix |FP-PF|         :  0.1D+00 au
| QMMM: Density matrix change        :  0.5D-06
| QMMM: Maximum number of SCF cycles :     1000

| QMMM: *** Diagonalization Routine Information ***
| QMMM: Pseudo diagonalizations are allowed.
| QMMM: Auto diagonalization routine selection is in use.
| QMMM:
| QMMM: Timing diagonalization routines:
| QMMM:                              norbs =      142
| QMMM:    diag iterations used for timing =       10
| QMMM:
| QMMM:              Internal diag routine = 0.122806 seconds
| QMMM:                 Dspev diag routine = 0.165906 seconds
| QMMM:                Dspevd diag routine = 0.109358 seconds
| QMMM:                Dspevx diag routine = 0.461614 seconds
| QMMM:                 Dsyev diag routine = 0.169359 seconds
| QMMM:                Dsyevd diag routine = 0.113482 seconds
| QMMM:                Dsyevr diag routine = 0.123176 seconds
| QMMM:
| QMMM:                Pseudo diag routine = 0.078235 seconds
| QMMM:
| QMMM: Using dspevd routine (diag_routine=3).

  QMMM: QM Region Cartesian Coordinates (*=link atom) 
  QMMM: QM_NO.   MM_NO.  ATOM         X         Y         Z
  QMMM:     1        1      C        3.2290  -14.6230   -5.9200
  QMMM:     2        2      C        4.6670  -14.3340   -5.4650
  QMMM:     3        3      C        5.3470  -15.6240   -4.9720
  QMMM:     4        4      O        4.5840  -13.3790   -4.4090
  QMMM:     5        5      C        5.6920  -12.6330   -4.0620
  QMMM:     6        6      C        6.9630  -12.7240   -4.6800
  QMMM:     7        7      C        8.0320  -11.9100   -4.2540
  QMMM:     8        8      C        7.8550  -10.9860   -3.1960
  QMMM:     9        9      N        8.8910  -10.1640   -2.6640
  QMMM:    10       10      C       10.1900  -10.0690   -3.0170
  QMMM:    11       11      O       10.6760  -10.5650   -4.0340
  QMMM:    12       12      C       11.0780   -9.2530   -2.0590
  QMMM:    13       13      C       12.1890   -8.4240   -2.7760
  QMMM:    14       14      C       13.5320   -8.6080   -2.0380
  QMMM:    15       15      C       13.9670  -10.0810   -2.2000
  QMMM:    16       16      C       12.8870  -11.0060   -1.5960
  QMMM:    17       17      C       11.7430  -10.1600   -0.9780
  QMMM:    18       18      N       12.3370   -9.2560    0.0340
  QMMM:    19       19      S       12.4290   -9.7300    1.7050
  QMMM:    20       20      O       12.7170   -8.5360    2.5090
  QMMM:    21       21      O       11.2600  -10.5730    2.0060
  QMMM:    22       22      C       13.8560  -10.7680    1.8010
  QMMM:    23       23      C       15.1530  -10.1870    1.9170
  QMMM:    24       24      C       16.1400  -11.1370    1.9690
  QMMM:    25       25      S       15.4840  -12.7550    1.8920
  QMMM:    26       26      C       13.8570  -12.1370    1.7950
  QMMM:    27       27      C       13.3310   -8.3100   -0.5300
  QMMM:    28       28      C        6.5870  -10.8940   -2.5860
  QMMM:    29       29      C        5.5210  -11.7050   -3.0210
  QMMM:    30       30      H        2.7010  -15.1900   -5.1440
  QMMM:    31       31      H        3.2390  -15.2220   -6.8390
  QMMM:    32       32      H        2.6920  -13.6820   -6.0860
  QMMM:    33       33      H        5.2370  -13.9250   -6.3090
  QMMM:    34       34      H        5.3740  -16.3620   -5.7820
  QMMM:    35       35      H        4.7800  -16.0500   -4.1350
  QMMM:    36       36      H        6.3770  -15.4100   -4.6630
  QMMM:    37       37      H        7.1170  -13.4300   -5.4900
  QMMM:    38       38      H        8.9980  -11.9920   -4.7420
  QMMM:    39       39      H        8.5960   -9.5620   -1.9050
  QMMM:    40       40      H       10.4300   -8.5650   -1.5020
  QMMM:    41       41      H       11.9130   -7.3620   -2.7730
  QMMM:    42       42      H       12.2900   -8.7670   -3.8130
  QMMM:    43       43      H       14.2910   -7.9440   -2.4710
  QMMM:    44       44      H       14.9200  -10.2410   -1.6810
  QMMM:    45       45      H       14.0950  -10.3110   -3.2650
  QMMM:    46       46      H       13.3380  -11.6330   -0.8170
  QMMM:    47       47      H       12.4770  -11.6500   -2.3840
  QMMM:    48       48      H       10.9860  -10.8320   -0.5560
  QMMM:    49       49      H       15.3300   -9.1190    1.9590
  QMMM:    50       50      H       17.2100  -10.9910    2.0470
  QMMM:    51       51      H       13.0170  -12.8160    1.7400
  QMMM:    52       52      H       12.9710   -7.2810   -0.4070
  QMMM:    53       53      H       14.2870   -8.4230   -0.0050
  QMMM:    54       54      H        6.4310  -10.1900   -1.7730
  QMMM:    55       55      H        4.5500  -11.6110   -2.5430

--------------------------------------------------------------------------------
  RESULTS
--------------------------------------------------------------------------------

      iter         sqm energy              rms gradient
      ----    -------------------    -----------------------
xmin    10      -93.3727 kcal/mol        1.4578 kcal/(mol*A)
xmin    20      -94.0797 kcal/mol        0.3954 kcal/(mol*A)
xmin    30      -94.2658 kcal/mol        0.1585 kcal/(mol*A)
xmin    40      -94.3550 kcal/mol        0.3050 kcal/(mol*A)
xmin    50      -94.3890 kcal/mol        0.0713 kcal/(mol*A)
xmin    60      -94.4111 kcal/mol        0.0465 kcal/(mol*A)
xmin    70      -94.4223 kcal/mol        0.0520 kcal/(mol*A)
xmin    80      -94.4284 kcal/mol        0.0421 kcal/(mol*A)
xmin    90      -94.4350 kcal/mol        0.0320 kcal/(mol*A)
xmin   100      -94.4363 kcal/mol        0.0281 kcal/(mol*A)
xmin   110      -94.4372 kcal/mol        0.0163 kcal/(mol*A)
xmin   120      -94.4377 kcal/mol        0.0044 kcal/(mol*A)
xmin   130      -94.4378 kcal/mol        0.0076 kcal/(mol*A)
xmin   140      -94.4379 kcal/mol        0.0033 kcal/(mol*A)
xmin   150      -94.4379 kcal/mol        0.0017 kcal/(mol*A)
xmin   160      -94.4379 kcal/mol        0.0018 kcal/(mol*A)
xmin   170      -94.4379 kcal/mol        0.0017 kcal/(mol*A)
xmin   180      -94.4380 kcal/mol        0.0025 kcal/(mol*A)
xmin   190      -94.4380 kcal/mol        0.0015 kcal/(mol*A)
  ... geometry converged !
 
 Final MO eigenvalues (eV):
 -41.8850  -40.4664  -39.4270  -38.5713  -37.8916  -37.7424  -36.8919  -35.2637
 -34.4838  -33.6218  -32.5333  -31.9298  -31.4944  -30.7939  -29.1725  -27.9790
 -26.6562  -25.9103  -25.0776  -23.9876  -23.8593  -23.0871  -22.3637  -21.5780
 -21.2177  -20.3476  -19.3997  -18.8585  -18.7468  -18.3337  -18.1811  -18.0831
 -17.7019  -17.6511  -16.5214  -16.2325  -16.1472  -16.0124  -15.7670  -15.3958
 -15.3065  -15.1914  -14.8303  -14.6778  -14.6485  -14.4973  -14.3865  -14.2589
 -14.0776  -13.9509  -13.7948  -13.5816  -13.4616  -13.4053  -13.3421  -13.2575
 -13.0976  -13.0256  -12.9995  -12.8730  -12.8067  -12.7320  -12.7004  -12.6086
 -12.0418  -12.0318  -11.9072  -11.6977  -11.6043  -11.4822  -11.2833  -10.8405
 -10.7576  -10.4628  -10.1273  -10.0837   -9.7748   -8.3265   -0.7095   -0.3491
   0.2501    0.3713    0.5454    0.6283    0.7269    1.4172    1.7099    2.1745
   2.4445    2.9354    2.9818    3.0784    3.1984    3.2392    3.4296    3.4776
   3.5051    3.6179    3.6534    3.7093    3.8191    3.8346    3.8708    3.8923
   3.9334    3.9463    4.0001    4.0035    4.0256    4.0653    4.1560    4.2193
   4.2362    4.2692    4.3562    4.4150    4.4270    4.4918    4.5316    4.5356
   4.6027    4.6354    4.6637    4.7212    4.7924    4.7996    4.8401    4.8784
   4.9085    4.9454    5.0197    5.0463    5.1290    5.1608    5.3247    5.3548
   5.5030    5.5649    5.9548    6.2149    6.6317    6.9405

 Heat of formation   =        -94.43798365 kcal/mol  (       -4.09513827 eV)

 Total SCF energy    =    -118313.55384806 kcal/mol  (    -5130.46068462 eV)
 Electronic energy   =    -958559.68933036 kcal/mol  (   -41566.26726206 eV)
 Core-core repulsion =     840246.13548230 kcal/mol  (    36435.80657744 eV)
 
    Atomic Charges for Step       1 :
  Atom    Element       Mulliken Charge
     1      C                 -0.216
     2      C                  0.029
     3      C                 -0.241
     4      O                 -0.217
     5      C                  0.062
     6      C                 -0.183
     7      C                 -0.120
     8      C                  0.037
     9      N                 -0.323
    10      C                  0.313
    11      O                 -0.358
    12      C                 -0.138
    13      C                 -0.149
    14      C                 -0.109
    15      C                 -0.151
    16      C                 -0.171
    17      C                  0.054
    18      N                 -0.840
    19      S                  2.880
    20      O                 -0.928
    21      O                 -0.947
    22      C                 -0.869
    23      C                 -0.052
    24      C                 -0.471
    25      S                  0.657
    26      C                 -0.333
    27      C                 -0.008
    28      C                 -0.148
    29      C                 -0.134
    30      H                  0.090
    31      H                  0.082
    32      H                  0.088
    33      H                  0.089
    34      H                  0.082
    35      H                  0.091
    36      H                  0.086
    37      H                  0.140
    38      H                  0.172
    39      H                  0.235
    40      H                  0.115
    41      H                  0.089
    42      H                  0.123
    43      H                  0.107
    44      H                  0.082
    45      H                  0.096
    46      H                  0.087
    47      H                  0.104
    48      H                  0.117
    49      H                  0.169
    50      H                  0.181
    51      H                  0.194
    52      H                  0.095
    53      H                  0.075
    54      H                  0.135
    55      H                  0.149
 Total Mulliken Charge =      -0.000
 
                  X        Y        Z     TOTAL  
  QM DIPOLE     3.323   -3.200   -0.214    4.618
 
 Final Structure

  QMMM: QM Region Cartesian Coordinates (*=link atom) 
  QMMM: QM_NO.   MM_NO.  ATOM         X         Y         Z
  QMMM:     1        1      C        3.1232  -14.3316   -5.6120
  QMMM:     2        2      C        4.6102  -14.0303   -5.5279
  QMMM:     3        3      C        5.4373  -15.1962   -6.0342
  QMMM:     4        4      O        4.8698  -13.8125   -4.1288
  QMMM:     5        5      C        5.9429  -13.0077   -3.8028
  QMMM:     6        6      C        6.9243  -12.5579   -4.6890
  QMMM:     7        7      C        7.9693  -11.7582   -4.2309
  QMMM:     8        8      C        8.0568  -11.4005   -2.8722
  QMMM:     9        9      N        9.0818  -10.5911   -2.3496
  QMMM:    10       10      C       10.2341  -10.1667   -2.9927
  QMMM:    11       11      O       10.4887  -10.4481   -4.1783
  QMMM:    12       12      C       11.1735   -9.3088   -2.1455
  QMMM:    13       13      C       12.2569   -8.6247   -2.9809
  QMMM:    14       14      C       13.6351   -8.9665   -2.4194
  QMMM:    15       15      C       13.8610  -10.4704   -2.5508
  QMMM:    16       16      C       12.7632  -11.2073   -1.7951
  QMMM:    17       17      C       11.8698  -10.1833   -1.0608
  QMMM:    18       18      N       12.6578   -9.3253   -0.1934
  QMMM:    19       19      S       12.4198   -9.1704    1.4072
  QMMM:    20       20      O       12.7136   -7.8479    1.7989
  QMMM:    21       21      O       11.1258   -9.6526    1.7244
  QMMM:    22       22      C       13.5459  -10.1957    2.0846
  QMMM:    23       23      C       14.9277   -9.8622    2.2760
  QMMM:    24       24      C       15.6186  -10.8783    2.8940
  QMMM:    25       25      S       14.6180  -12.1730    3.2269
  QMMM:    26       26      C       13.2779  -11.4641    2.5826
  QMMM:    27       27      C       13.6758   -8.5986   -0.9225
  QMMM:    28       28      C        7.0550  -11.8689   -1.9833
  QMMM:    29       29      C        6.0128  -12.6572   -2.4403
  QMMM:    30       30      H        2.8705  -15.2183   -4.9832
  QMMM:    31       31      H        2.8513  -14.5441   -6.6725
  QMMM:    32       32      H        2.5322  -13.4588   -5.2461
  QMMM:    33       33      H        4.8410  -13.0964   -6.1110
  QMMM:    34       34      H        5.2268  -15.3644   -7.1168
  QMMM:    35       35      H        5.1840  -16.1238   -5.4669
  QMMM:    36       36      H        6.5264  -14.9913   -5.9013
  QMMM:    37       37      H        6.8940  -12.8262   -5.7549
  QMMM:    38       38      H        8.7285  -11.4155   -4.9538
  QMMM:    39       39      H        8.9717  -10.3301   -1.3936
  QMMM:    40       40      H       10.5563   -8.5146   -1.6384
  QMMM:    41       41      H       12.1044   -7.5155   -2.9537
  QMMM:    42       42      H       12.1982   -8.9539   -4.0518
  QMMM:    43       43      H       14.4301   -8.3949   -2.9607
  QMMM:    44       44      H       14.8665  -10.7372   -2.1369
  QMMM:    45       45      H       13.8495  -10.7605   -3.6323
  QMMM:    46       46      H       13.2047  -11.9263   -1.0610
  QMMM:    47       47      H       12.1220  -11.7909   -2.5046
  QMMM:    48       48      H       11.0985  -10.7183   -0.4366
  QMMM:    49       49      H       15.3485   -8.8977    1.9741
  QMMM:    50       50      H       16.6771  -10.8615    3.1498
  QMMM:    51       51      H       12.2864  -11.9276    2.5665
  QMMM:    52       52      H       13.5069   -7.4910   -0.7985
  QMMM:    53       53      H       14.6917   -8.8518   -0.5035
  QMMM:    54       54      H        7.0913  -11.6074   -0.9139
  QMMM:    55       55      H        5.2361  -13.0184   -1.7507

           --------- Calculation Completed ----------

