            --------------------------------------------------------
                             AMBER SQM VERSION 19
 
                                     By
              Ross C. Walker, Michael F. Crowley, Scott Brozell,
                         Tim Giese, Andreas W. Goetz,
                        Tai-Sung Lee and David A. Case
 
            --------------------------------------------------------
 

--------------------------------------------------------------------------------
  QM CALCULATION INFO
--------------------------------------------------------------------------------

| QMMM: Citation for AMBER QMMM Run:
| QMMM: R.C. Walker, M.F. Crowley and D.A. Case, J. COMP. CHEM. 29:1019, 2008

QMMM: SINGLET STATE CALCULATION
QMMM: RHF CALCULATION, NO. OF DOUBLY OCCUPIED LEVELS = 78

| QMMM: *** Selected Hamiltonian *** 
| QMMM: AM1         

| QMMM: *** Parameter sets in use ***
| QMMM: C : M.J.S.DEWAR et al. JACS, 107, 3902, (1985)
| QMMM: O : M.J.S.DEWAR et al. JACS, 107, 3902, (1985)
| QMMM: N : M.J.S.DEWAR et al. JACS, 107, 3902, (1985)
| QMMM: S : M.J.S.DEWAR et al. INORG. CHEM., 29, 3881, (1990)
| QMMM: H : M.J.S.DEWAR et al. JACS, 107, 3902, (1985)

| QMMM: *** SCF convergence criteria ***
| QMMM: Energy change                :  0.1D-09 kcal/mol
| QMMM: Error matrix |FP-PF|         :  0.1D+00 au
| QMMM: Density matrix change        :  0.5D-06
| QMMM: Maximum number of SCF cycles :     1000

| QMMM: *** Diagonalization Routine Information ***
| QMMM: Pseudo diagonalizations are allowed.
| QMMM: Auto diagonalization routine selection is in use.
| QMMM:
| QMMM: Timing diagonalization routines:
| QMMM:                              norbs =      142
| QMMM:    diag iterations used for timing =       10
| QMMM:
| QMMM:              Internal diag routine = 0.156509 seconds
| QMMM:                 Dspev diag routine = 7.774957 seconds
| QMMM:                Dspevd diag routine = ******** seconds
| QMMM:                Dspevx diag routine = ******** seconds
| QMMM:                 Dsyev diag routine = 9.210859 seconds
| QMMM:                Dsyevd diag routine = 7.409118 seconds
| QMMM:                Dsyevr diag routine = 7.850220 seconds
| QMMM:
| QMMM:                Pseudo diag routine = 0.048674 seconds
| QMMM:
| QMMM: Using internal diagonalization routine (diag_routine=1).

  QMMM: QM Region Cartesian Coordinates (*=link atom) 
  QMMM: QM_NO.   MM_NO.  ATOM         X         Y         Z
  QMMM:     1        1      C        1.6100    4.2180    7.2140
  QMMM:     2        2      C        1.2610    2.7810    7.5780
  QMMM:     3        3      C        2.1880    1.8210    6.8140
  QMMM:     4        4      O       -0.0880    2.5210    7.2050
  QMMM:     5        5      C       -1.1280    2.6990    8.0970
  QMMM:     6        6      C       -2.4110    2.3340    7.6430
  QMMM:     7        7      C       -3.5170    2.3370    8.5140
  QMMM:     8        8      C       -3.3660    2.7210    9.8620
  QMMM:     9        9      N       -4.5190    2.6240   10.6920
  QMMM:    10       10      C       -4.6450    2.7340   12.0270
  QMMM:    11       11      O       -3.7180    2.9830   12.7940
  QMMM:    12       12      C       -6.0730    2.5310   12.5750
  QMMM:    13       13      C       -6.6120    3.7990   13.3010
  QMMM:    14       14      C       -7.1530    3.4170   14.6970
  QMMM:    15       15      C       -5.9880    2.8360   15.5300
  QMMM:    16       16      C       -5.4880    1.5250   14.8750
  QMMM:    17       17      C       -6.2070    1.2990   13.5210
  QMMM:    18       18      N       -7.6460    1.1540   13.8370
  QMMM:    19       19      S       -8.4140   -0.4010   13.8900
  QMMM:    20       20      O       -7.4120   -1.3940   14.3090
  QMMM:    21       21      O       -9.6880   -0.2600   14.6140
  QMMM:    22       22      C       -8.8340   -0.7600   12.2120
  QMMM:    23       23      C       -7.8110   -0.9980   11.2500
  QMMM:    24       24      C       -8.3240   -1.2790   10.0090
  QMMM:    25       25      S      -10.0690   -1.2660   10.0140
  QMMM:    26       26      C      -10.1020   -0.8660   11.7090
  QMMM:    27       27      C       -8.2380    2.3220   14.5350
  QMMM:    28       28      C       -2.1000    3.1720   10.3020
  QMMM:    29       29      C       -0.9970    3.1640    9.4280
  QMMM:    30       30      H        2.6230    4.4200    7.4910
  QMMM:    31       31      H        0.9570    4.8860    7.7350
  QMMM:    32       32      H        1.4940    4.3560    6.1590
  QMMM:    33       33      H        1.3830    2.6360    8.6310
  QMMM:    34       34      H        2.0640    1.9680    5.7610
  QMMM:    35       35      H        1.9410    0.8110    7.0640
  QMMM:    36       36      H        3.2050    2.0170    7.0840
  QMMM:    37       37      H       -2.5420    2.0610    6.6570
  QMMM:    38       38      H       -4.4450    2.0560    8.1620
  QMMM:    39       39      H       -5.3590    2.4480   10.2110
  QMMM:    40       40      H       -6.6690    2.3420   11.7070
  QMMM:    41       41      H       -7.4010    4.2310   12.7210
  QMMM:    42       42      H       -5.8160    4.5050   13.4130
  QMMM:    43       43      H       -7.5690    4.2770   15.1790
  QMMM:    44       44      H       -6.3280    2.6320   16.5240
  QMMM:    45       45      H       -5.1870    3.5450   15.5660
  QMMM:    46       46      H       -5.6950    0.7020   15.5270
  QMMM:    47       47      H       -4.4350    1.5980   14.7050
  QMMM:    48       48      H       -5.7780    0.4490   13.0350
  QMMM:    49       49      H       -6.8010   -0.9630   11.4610
  QMMM:    50       50      H       -7.7490   -1.4740    9.1750
  QMMM:    51       51      H      -10.9630   -0.7280   12.2600
  QMMM:    52       52      H       -9.0550    2.7080   13.9610
  QMMM:    53       53      H       -8.5970    2.0230   15.4980
  QMMM:    54       54      H       -1.9840    3.5110   11.2700
  QMMM:    55       55      H       -0.0800    3.5000    9.7610

--------------------------------------------------------------------------------
  RESULTS
--------------------------------------------------------------------------------

      iter         sqm energy              rms gradient
      ----    -------------------    -----------------------
xmin    10      -91.1219 kcal/mol        1.9718 kcal/(mol*A)
xmin    20      -92.4049 kcal/mol        1.2301 kcal/(mol*A)
xmin    30      -92.8613 kcal/mol        0.1688 kcal/(mol*A)
xmin    40      -93.2291 kcal/mol        0.7197 kcal/(mol*A)
xmin    50      -93.3751 kcal/mol        0.2791 kcal/(mol*A)
xmin    60      -93.4945 kcal/mol        0.2608 kcal/(mol*A)
xmin    70      -93.6003 kcal/mol        0.3994 kcal/(mol*A)
xmin    80      -93.6533 kcal/mol        0.2052 kcal/(mol*A)
xmin    90      -93.6781 kcal/mol        0.0366 kcal/(mol*A)
xmin   100      -93.6982 kcal/mol        0.0677 kcal/(mol*A)
xmin   110      -93.7089 kcal/mol        0.0974 kcal/(mol*A)
xmin   120      -93.7246 kcal/mol        0.0247 kcal/(mol*A)
xmin   130      -93.7478 kcal/mol        0.1285 kcal/(mol*A)
xmin   140      -93.7527 kcal/mol        0.0269 kcal/(mol*A)
xmin   150      -93.7642 kcal/mol        0.0187 kcal/(mol*A)
xmin   160      -93.7648 kcal/mol        0.0141 kcal/(mol*A)
xmin   170      -93.7652 kcal/mol        0.0132 kcal/(mol*A)
xmin   180      -93.7679 kcal/mol        0.0194 kcal/(mol*A)
xmin   190      -93.7698 kcal/mol        0.0208 kcal/(mol*A)
xmin   200      -93.7706 kcal/mol        0.0061 kcal/(mol*A)
xmin   210      -93.7707 kcal/mol        0.0027 kcal/(mol*A)
xmin   220      -93.7708 kcal/mol        0.0042 kcal/(mol*A)
xmin   230      -93.7709 kcal/mol        0.0006 kcal/(mol*A)
  ... geometry converged !
 
 Final MO eigenvalues (eV):
 -41.9036  -40.4951  -39.4633  -38.6053  -37.9254  -37.7801  -36.9143  -35.2964
 -34.4987  -33.6447  -32.5691  -31.9338  -31.5272  -30.8059  -29.1913  -27.9933
 -26.6932  -25.9020  -25.1296  -24.0144  -23.8945  -23.1001  -22.3292  -21.6082
 -21.2872  -20.3399  -19.3941  -18.8902  -18.8161  -18.3471  -18.2310  -18.0153
 -17.8138  -17.6707  -16.6212  -16.2072  -16.1645  -16.1312  -15.7035  -15.3892
 -15.2927  -15.2744  -14.8498  -14.7628  -14.6910  -14.4778  -14.4471  -14.2653
 -14.0981  -13.9600  -13.7830  -13.6508  -13.4969  -13.4066  -13.3254  -13.2695
 -13.0957  -13.0593  -13.0018  -12.9130  -12.8543  -12.7780  -12.6788  -12.6205
 -12.0925  -12.0517  -11.8373  -11.7375  -11.6265  -11.4911  -11.2650  -10.8511
 -10.8311  -10.4736  -10.2180  -10.0745   -9.8027   -8.3747   -0.7458   -0.3664
   0.2159    0.3398    0.5170    0.5849    0.6894    1.3518    1.6786    2.1685
   2.4235    2.8928    2.9173    3.0707    3.1788    3.2045    3.3688    3.4338
   3.4987    3.5999    3.6378    3.6812    3.7823    3.8187    3.8475    3.8650
   3.9137    3.9353    3.9879    3.9963    4.0048    4.0647    4.1149    4.1905
   4.2030    4.2557    4.3246    4.4017    4.4095    4.4791    4.5108    4.5286
   4.5776    4.6092    4.6483    4.7072    4.7786    4.8201    4.8310    4.8858
   4.9251    4.9259    5.0021    5.0193    5.1031    5.1502    5.3006    5.3266
   5.4703    5.5327    5.9188    6.1576    6.6058    6.8912

 Heat of formation   =        -93.77094200 kcal/mol  (       -4.06621317 eV)

 Total SCF energy    =    -118312.88680641 kcal/mol  (    -5130.43175953 eV)
 Electronic energy   =    -962815.92284119 kcal/mol  (   -41750.83139678 eV)
 Core-core repulsion =     844503.03603478 kcal/mol  (    36620.39963726 eV)
 
    Atomic Charges for Step       1 :
  Atom    Element       Mulliken Charge
     1      C                 -0.241
     2      C                  0.029
     3      C                 -0.216
     4      O                 -0.216
     5      C                  0.065
     6      C                 -0.135
     7      C                 -0.147
     8      C                  0.034
     9      N                 -0.323
    10      C                  0.313
    11      O                 -0.355
    12      C                 -0.140
    13      C                 -0.149
    14      C                 -0.108
    15      C                 -0.152
    16      C                 -0.169
    17      C                  0.052
    18      N                 -0.838
    19      S                  2.880
    20      O                 -0.942
    21      O                 -0.929
    22      C                 -0.868
    23      C                 -0.055
    24      C                 -0.470
    25      S                  0.656
    26      C                 -0.335
    27      C                 -0.010
    28      C                 -0.116
    29      C                 -0.183
    30      H                  0.082
    31      H                  0.086
    32      H                  0.091
    33      H                  0.089
    34      H                  0.090
    35      H                  0.088
    36      H                  0.083
    37      H                  0.150
    38      H                  0.134
    39      H                  0.230
    40      H                  0.110
    41      H                  0.084
    42      H                  0.125
    43      H                  0.106
    44      H                  0.087
    45      H                  0.096
    46      H                  0.097
    47      H                  0.101
    48      H                  0.121
    49      H                  0.174
    50      H                  0.181
    51      H                  0.189
    52      H                  0.069
    53      H                  0.096
    54      H                  0.170
    55      H                  0.140
 Total Mulliken Charge =      -0.000
 
                  X        Y        Z     TOTAL  
  QM DIPOLE    -3.080    3.345   -1.900    4.929
 
 Final Structure

  QMMM: QM Region Cartesian Coordinates (*=link atom) 
  QMMM: QM_NO.   MM_NO.  ATOM         X         Y         Z
  QMMM:     1        1      C        0.9797    4.3090    6.8659
  QMMM:     2        2      C        1.3758    3.2467    7.8731
  QMMM:     3        3      C        2.7415    2.6635    7.5509
  QMMM:     4        4      O        0.4658    2.1335    7.7983
  QMMM:     5        5      C       -0.6867    2.2074    8.5540
  QMMM:     6        6      C       -1.4173    1.0047    8.6176
  QMMM:     7        7      C       -2.6018    0.9541    9.3327
  QMMM:     8        8      C       -3.0938    2.1016   10.0053
  QMMM:     9        9      N       -4.3157    1.9990   10.6966
  QMMM:    10       10      C       -4.8074    2.8701   11.6573
  QMMM:    11       11      O       -4.2227    3.9238   11.9686
  QMMM:    12       12      C       -6.1452    2.4729   12.2814
  QMMM:    13       13      C       -6.7211    3.5770   13.1708
  QMMM:    14       14      C       -6.9872    3.0296   14.5708
  QMMM:    15       15      C       -5.6642    2.5857   15.1890
  QMMM:    16       16      C       -5.0333    1.5181   14.3053
  QMMM:    17       17      C       -5.9920    1.1836   13.1400
  QMMM:    18       18      N       -7.2928    0.7757   13.6424
  QMMM:    19       19      S       -7.9960   -0.6571   13.3276
  QMMM:    20       20      O       -7.0793   -1.4742   12.6247
  QMMM:    21       21      O       -8.5450   -1.1893   14.5116
  QMMM:    22       22      C       -9.2517   -0.2587   12.3010
  QMMM:    23       23      C       -9.1776   -0.3864   10.8741
  QMMM:    24       24      C      -10.3613   -0.0380   10.2666
  QMMM:    25       25      S      -11.5069    0.4163   11.3930
  QMMM:    26       26      C      -10.5110    0.1823   12.6850
  QMMM:    27       27      C       -7.9075    1.7978   14.4615
  QMMM:    28       28      C       -2.3527    3.2960    9.9283
  QMMM:    29       29      C       -1.1607    3.3466    9.2089
  QMMM:    30       30      H        1.6928    5.1651    6.9226
  QMMM:    31       31      H       -0.0528    4.6794    7.0722
  QMMM:    32       32      H        1.0002    3.8873    5.8325
  QMMM:    33       33      H        1.3806    3.6693    8.9156
  QMMM:    34       34      H        2.7304    2.1822    6.5441
  QMMM:    35       35      H        3.0193    1.8927    8.3083
  QMMM:    36       36      H        3.5005    3.4806    7.5590
  QMMM:    37       37      H       -1.0365    0.1149    8.0957
  QMMM:    38       38      H       -3.1566    0.0034    9.3715
  QMMM:    39       39      H       -4.8129    1.1474   10.5550
  QMMM:    40       40      H       -6.8662    2.2746   11.4396
  QMMM:    41       41      H       -7.6776    3.9527   12.7257
  QMMM:    42       42      H       -6.0113    4.4433   13.2379
  QMMM:    43       43      H       -7.4833    3.8057   15.2060
  QMMM:    44       44      H       -5.8470    2.1821   16.2174
  QMMM:    45       45      H       -4.9789    3.4662   15.2847
  QMMM:    46       46      H       -4.8152    0.5940   14.8968
  QMMM:    47       47      H       -4.0673    1.8849   13.8729
  QMMM:    48       48      H       -5.5648    0.3412   12.5245
  QMMM:    49       49      H       -8.2774   -0.7449   10.3635
  QMMM:    50       50      H      -10.5531   -0.0557    9.1947
  QMMM:    51       51      H      -10.8170    0.3325   13.7243
  QMMM:    52       52      H       -8.8914    2.1050   14.0030
  QMMM:    53       53      H       -8.1086    1.3839   15.4907
  QMMM:    54       54      H       -2.7026    4.2082   10.4400
  QMMM:    55       55      H       -0.6103    4.2975    9.1657

           --------- Calculation Completed ----------

