            --------------------------------------------------------
                             AMBER SQM VERSION 19
 
                                     By
              Ross C. Walker, Michael F. Crowley, Scott Brozell,
                         Tim Giese, Andreas W. Goetz,
                        Tai-Sung Lee and David A. Case
 
            --------------------------------------------------------
 

--------------------------------------------------------------------------------
  QM CALCULATION INFO
--------------------------------------------------------------------------------

| QMMM: Citation for AMBER QMMM Run:
| QMMM: R.C. Walker, M.F. Crowley and D.A. Case, J. COMP. CHEM. 29:1019, 2008

QMMM: SINGLET STATE CALCULATION
QMMM: RHF CALCULATION, NO. OF DOUBLY OCCUPIED LEVELS = 78

| QMMM: *** Selected Hamiltonian *** 
| QMMM: AM1         

| QMMM: *** Parameter sets in use ***
| QMMM: C : M.J.S.DEWAR et al. JACS, 107, 3902, (1985)
| QMMM: O : M.J.S.DEWAR et al. JACS, 107, 3902, (1985)
| QMMM: N : M.J.S.DEWAR et al. JACS, 107, 3902, (1985)
| QMMM: S : M.J.S.DEWAR et al. INORG. CHEM., 29, 3881, (1990)
| QMMM: H : M.J.S.DEWAR et al. JACS, 107, 3902, (1985)

| QMMM: *** SCF convergence criteria ***
| QMMM: Energy change                :  0.1D-09 kcal/mol
| QMMM: Error matrix |FP-PF|         :  0.1D+00 au
| QMMM: Density matrix change        :  0.5D-06
| QMMM: Maximum number of SCF cycles :     1000

| QMMM: *** Diagonalization Routine Information ***
| QMMM: Pseudo diagonalizations are allowed.
| QMMM: Auto diagonalization routine selection is in use.
| QMMM:
| QMMM: Timing diagonalization routines:
| QMMM:                              norbs =      142
| QMMM:    diag iterations used for timing =       10
| QMMM:
| QMMM:              Internal diag routine = 0.174727 seconds
| QMMM:                 Dspev diag routine = 6.884582 seconds
| QMMM:                Dspevd diag routine = 9.969168 seconds
| QMMM:                Dspevx diag routine = ******** seconds
| QMMM:                 Dsyev diag routine = ******** seconds
| QMMM:                Dsyevd diag routine = 5.385341 seconds
| QMMM:                Dsyevr diag routine = 8.182480 seconds
| QMMM:
| QMMM:                Pseudo diag routine = 0.029936 seconds
| QMMM:
| QMMM: Using internal diagonalization routine (diag_routine=1).

  QMMM: QM Region Cartesian Coordinates (*=link atom) 
  QMMM: QM_NO.   MM_NO.  ATOM         X         Y         Z
  QMMM:     1        1      C       22.4750   49.0830   19.0830
  QMMM:     2        2      C       23.4170   48.3680   20.0570
  QMMM:     3        3      C       23.1150   48.8340   21.4860
  QMMM:     4        4      O       24.7270   48.7330   19.6380
  QMMM:     5        5      C       25.8340   48.2370   20.2890
  QMMM:     6        6      C       25.8380   47.1240   21.1690
  QMMM:     7        7      C       27.0270   46.7420   21.8280
  QMMM:     8        8      C       28.2270   47.4620   21.6010
  QMMM:     9        9      N       29.4690   47.1720   22.2140
  QMMM:    10       10      C       29.7280   46.6700   23.4330
  QMMM:    11       11      O       28.8850   46.1180   24.1370
  QMMM:    12       12      C       31.2030   46.7680   23.8990
  QMMM:    13       13      C       31.3770   46.6920   25.4480
  QMMM:    14       14      C       32.2790   47.8400   25.9460
  QMMM:    15       15      C       31.5920   49.1830   25.6170
  QMMM:    16       16      C       31.4040   49.3120   24.0840
  QMMM:    17       17      C       31.9460   48.0420   23.3780
  QMMM:    18       18      N       33.3750   47.9330   23.7410
  QMMM:    19       19      S       34.6200   48.5110   22.6710
  QMMM:    20       20      O       33.9810   49.0950   21.4810
  QMMM:    21       21      O       35.5900   49.2800   23.4630
  QMMM:    22       22      C       35.4530   47.0530   22.1330
  QMMM:    23       23      C       36.1800   47.0760   20.9050
  QMMM:    24       24      C       36.7690   45.8690   20.6330
  QMMM:    25       25      S       36.4430   44.6920   21.8830
  QMMM:    26       26      C       35.4800   45.8400   22.7680
  QMMM:    27       27      C       33.6290   47.7820   25.1920
  QMMM:    28       28      C       28.2270   48.5310   20.6840
  QMMM:    29       29      C       27.0420   48.9140   20.0390
  QMMM:    30       30      H       21.4610   48.8550   19.3360
  QMMM:    31       31      H       22.6770   48.7540   18.0850
  QMMM:    32       32      H       22.6300   50.1400   19.1490
  QMMM:    33       33      H       23.3040   47.3040   20.0540
  QMMM:    34       34      H       23.2150   49.8970   21.5430
  QMMM:    35       35      H       23.8040   48.3740   22.1630
  QMMM:    36       36      H       22.1160   48.5540   21.7490
  QMMM:    37       37      H       24.9690   46.5920   21.3280
  QMMM:    38       38      H       27.0230   45.9380   22.4760
  QMMM:    39       39      H       30.2620   47.3680   21.6650
  QMMM:    40       40      H       31.6520   45.9030   23.4590
  QMMM:    41       41      H       31.8230   45.7550   25.7070
  QMMM:    42       42      H       30.4160   46.7820   25.9090
  QMMM:    43       43      H       32.4420   47.7500   26.9990
  QMMM:    44       44      H       32.2000   49.9900   25.9700
  QMMM:    45       45      H       30.6350   49.2180   26.0950
  QMMM:    46       46      H       31.9390   50.1690   23.7320
  QMMM:    47       47      H       30.3630   49.4210   23.8640
  QMMM:    48       48      H       31.8000   48.1120   22.3200
  QMMM:    49       49      H       36.2530   47.9050   20.2950
  QMMM:    50       50      H       37.3350   45.6780   19.7920
  QMMM:    51       51      H       34.9930   45.6340   23.6540
  QMMM:    52       52      H       34.1030   46.8410   25.3780
  QMMM:    53       53      H       34.2680   48.5690   25.5330
  QMMM:    54       54      H       29.1050   49.0350   20.4860
  QMMM:    55       55      H       27.0570   49.7030   19.3730

--------------------------------------------------------------------------------
  RESULTS
--------------------------------------------------------------------------------

      iter         sqm energy              rms gradient
      ----    -------------------    -----------------------
xmin    10      -91.7388 kcal/mol        0.7131 kcal/(mol*A)
xmin    20      -93.2705 kcal/mol        0.7999 kcal/(mol*A)
xmin    30      -93.7020 kcal/mol        0.2657 kcal/(mol*A)
xmin    40      -93.7515 kcal/mol        0.0588 kcal/(mol*A)
xmin    50      -93.7621 kcal/mol        0.0180 kcal/(mol*A)
xmin    60      -93.7633 kcal/mol        0.0133 kcal/(mol*A)
xmin    70      -93.7637 kcal/mol        0.0034 kcal/(mol*A)
xmin    80      -93.7638 kcal/mol        0.0031 kcal/(mol*A)
xmin    90      -93.7638 kcal/mol        0.0016 kcal/(mol*A)
xmin   100      -93.7638 kcal/mol        0.0015 kcal/(mol*A)
xmin   110      -93.7639 kcal/mol        0.0009 kcal/(mol*A)
  ... geometry converged !
 
 Final MO eigenvalues (eV):
 -41.9010  -40.5013  -39.4658  -38.6044  -37.9252  -37.7784  -36.9129  -35.2913
 -34.4966  -33.6448  -32.5683  -31.9314  -31.5226  -30.8049  -29.2097  -27.9847
 -26.6919  -25.8997  -25.1268  -24.0307  -23.8917  -23.1021  -22.3280  -21.5855
 -21.2825  -20.3371  -19.3930  -18.8801  -18.8095  -18.3429  -18.2247  -18.0141
 -17.8112  -17.6677  -16.6188  -16.2620  -16.1860  -16.1354  -15.7105  -15.3791
 -15.3223  -15.2101  -14.8587  -14.7449  -14.6726  -14.4841  -14.4435  -14.2455
 -14.1184  -13.9593  -13.8045  -13.6014  -13.4708  -13.4036  -13.3475  -13.2812
 -13.1094  -13.0670  -12.9984  -12.9117  -12.8546  -12.7419  -12.6760  -12.6186
 -12.0597  -12.0507  -11.9812  -11.6993  -11.5924  -11.4839  -11.2627  -10.8600
 -10.8158  -10.4725  -10.2167  -10.0731   -9.7998   -8.3644   -0.7448   -0.3651
   0.2168    0.3483    0.5202    0.5858    0.6903    1.3556    1.6855    2.1699
   2.4170    2.8971    2.9176    3.0733    3.1808    3.2067    3.3709    3.4361
   3.5004    3.6020    3.6355    3.6834    3.7843    3.8202    3.8486    3.8655
   3.9037    3.9364    3.9844    3.9984    4.0052    4.0669    4.1169    4.1898
   4.2044    4.2575    4.3336    4.3996    4.4116    4.4810    4.5118    4.5308
   4.5769    4.6114    4.6512    4.7075    4.7795    4.8222    4.8331    4.8880
   4.9241    4.9276    5.0099    5.0152    5.1056    5.1523    5.3039    5.3296
   5.4724    5.5326    5.9230    6.1623    6.6093    6.8955

 Heat of formation   =        -93.76385475 kcal/mol  (       -4.06590585 eV)

 Total SCF energy    =    -118312.87971916 kcal/mol  (    -5130.43145220 eV)
 Electronic energy   =    -963241.60797793 kcal/mol  (   -41769.29048948 eV)
 Core-core repulsion =     844928.72825876 kcal/mol  (    36638.85903728 eV)
 
    Atomic Charges for Step       1 :
  Atom    Element       Mulliken Charge
     1      C                 -0.214
     2      C                  0.030
     3      C                 -0.243
     4      O                 -0.216
     5      C                  0.066
     6      C                 -0.185
     7      C                 -0.115
     8      C                  0.033
     9      N                 -0.323
    10      C                  0.313
    11      O                 -0.355
    12      C                 -0.140
    13      C                 -0.149
    14      C                 -0.108
    15      C                 -0.152
    16      C                 -0.169
    17      C                  0.052
    18      N                 -0.838
    19      S                  2.880
    20      O                 -0.942
    21      O                 -0.929
    22      C                 -0.868
    23      C                 -0.054
    24      C                 -0.470
    25      S                  0.656
    26      C                 -0.335
    27      C                 -0.010
    28      C                 -0.146
    29      C                 -0.136
    30      H                  0.083
    31      H                  0.088
    32      H                  0.091
    33      H                  0.087
    34      H                  0.091
    35      H                  0.088
    36      H                  0.082
    37      H                  0.140
    38      H                  0.170
    39      H                  0.230
    40      H                  0.110
    41      H                  0.084
    42      H                  0.125
    43      H                  0.106
    44      H                  0.087
    45      H                  0.096
    46      H                  0.097
    47      H                  0.101
    48      H                  0.121
    49      H                  0.174
    50      H                  0.181
    51      H                  0.189
    52      H                  0.069
    53      H                  0.096
    54      H                  0.134
    55      H                  0.150
 Total Mulliken Charge =      -0.000
 
                  X        Y        Z     TOTAL  
  QM DIPOLE     0.467   -5.094    0.251    5.121
 
 Final Structure

  QMMM: QM Region Cartesian Coordinates (*=link atom) 
  QMMM: QM_NO.   MM_NO.  ATOM         X         Y         Z
  QMMM:     1        1      C       22.5362   48.2976   18.8426
  QMMM:     2        2      C       23.4871   48.2483   20.0270
  QMMM:     3        3      C       23.0126   49.1461   21.1528
  QMMM:     4        4      O       24.7463   48.7150   19.5095
  QMMM:     5        5      C       25.8847   48.3911   20.2188
  QMMM:     6        6      C       25.9281   47.6672   21.4128
  QMMM:     7        7      C       27.1506   47.3968   22.0241
  QMMM:     8        8      C       28.3542   47.8540   21.4551
  QMMM:     9        9      N       29.6180   47.5905   22.0162
  QMMM:    10       10      C       29.8867   47.1848   23.3149
  QMMM:    11       11      O       28.9876   46.9264   24.1359
  QMMM:    12       12      C       31.3674   47.0304   23.6621
  QMMM:    13       13      C       31.5775   46.3847   25.0335
  QMMM:    14       14      C       32.4444   47.2892   25.9057
  QMMM:    15       15      C       31.7144   48.6111   26.1277
  QMMM:    16       16      C       31.4429   49.2643   24.7792
  QMMM:    17       17      C       32.0819   48.4133   23.6584
  QMMM:    18       18      N       33.5030   48.2279   23.8972
  QMMM:    19       19      S       34.6786   48.6797   22.8676
  QMMM:    20       20      O       34.0994   49.4004   21.7965
  QMMM:    21       21      O       35.7151   49.3184   23.5776
  QMMM:    22       22      C       35.2626   47.2291   22.2808
  QMMM:    23       23      C       34.8666   46.6686   21.0211
  QMMM:    24       24      C       35.5292   45.4937   20.7524
  QMMM:    25       25      S       36.5886   45.1034   21.9824
  QMMM:    26       26      C       36.2187   46.4279   22.8905
  QMMM:    27       27      C       33.7646   47.5840   25.1663
  QMMM:    28       28      C       28.2942   48.5928   20.2460
  QMMM:    29       29      C       27.0800   48.8554   19.6350
  QMMM:    30       30      H       21.5242   47.9639   19.1718
  QMMM:    31       31      H       22.9004   47.6277   18.0282
  QMMM:    32       32      H       22.4683   49.3370   18.4421
  QMMM:    33       33      H       23.5935   47.1862   20.3828
  QMMM:    34       34      H       22.8828   50.1918   20.7841
  QMMM:    35       35      H       23.7571   49.1576   21.9846
  QMMM:    36       36      H       22.0353   48.7755   21.5429
  QMMM:    37       37      H       25.0082   47.3031   21.8923
  QMMM:    38       38      H       27.1568   46.8247   22.9670
  QMMM:    39       39      H       30.3956   47.8397   21.4455
  QMMM:    40       40      H       31.8324   46.3704   22.8773
  QMMM:    41       41      H       32.0802   45.3923   24.9047
  QMMM:    42       42      H       30.5940   46.2066   25.5432
  QMMM:    43       43      H       32.6713   46.7906   26.8812
  QMMM:    44       44      H       32.3412   49.2834   26.7672
  QMMM:    45       45      H       30.7525   48.4238   26.6697
  QMMM:    46       46      H       31.8577   50.3030   24.7528
  QMMM:    47       47      H       30.3412   49.3297   24.5876
  QMMM:    48       48      H       31.9495   48.9296   22.6649
  QMMM:    49       49      H       34.1383   47.1571   20.3650
  QMMM:    50       50      H       35.4029   44.8846   19.8584
  QMMM:    51       51      H       36.6919   46.6602   23.8489
  QMMM:    52       52      H       34.3187   46.6174   24.9897
  QMMM:    53       53      H       34.4117   48.2541   25.8012
  QMMM:    54       54      H       29.2163   48.9681   19.7747
  QMMM:    55       55      H       27.0342   49.4269   18.6966

           --------- Calculation Completed ----------

