            --------------------------------------------------------
                             AMBER SQM VERSION 19
 
                                     By
              Ross C. Walker, Michael F. Crowley, Scott Brozell,
                         Tim Giese, Andreas W. Goetz,
                        Tai-Sung Lee and David A. Case
 
            --------------------------------------------------------
 

--------------------------------------------------------------------------------
  QM CALCULATION INFO
--------------------------------------------------------------------------------

| QMMM: Citation for AMBER QMMM Run:
| QMMM: R.C. Walker, M.F. Crowley and D.A. Case, J. COMP. CHEM. 29:1019, 2008

QMMM: SINGLET STATE CALCULATION
QMMM: RHF CALCULATION, NO. OF DOUBLY OCCUPIED LEVELS = 78

| QMMM: *** Selected Hamiltonian *** 
| QMMM: AM1         

| QMMM: *** Parameter sets in use ***
| QMMM: C : M.J.S.DEWAR et al. JACS, 107, 3902, (1985)
| QMMM: O : M.J.S.DEWAR et al. JACS, 107, 3902, (1985)
| QMMM: N : M.J.S.DEWAR et al. JACS, 107, 3902, (1985)
| QMMM: S : M.J.S.DEWAR et al. INORG. CHEM., 29, 3881, (1990)
| QMMM: H : M.J.S.DEWAR et al. JACS, 107, 3902, (1985)

| QMMM: *** SCF convergence criteria ***
| QMMM: Energy change                :  0.1D-09 kcal/mol
| QMMM: Error matrix |FP-PF|         :  0.1D+00 au
| QMMM: Density matrix change        :  0.5D-06
| QMMM: Maximum number of SCF cycles :     1000

| QMMM: *** Diagonalization Routine Information ***
| QMMM: Pseudo diagonalizations are allowed.
| QMMM: Auto diagonalization routine selection is in use.
| QMMM:
| QMMM: Timing diagonalization routines:
| QMMM:                              norbs =      142
| QMMM:    diag iterations used for timing =       10
| QMMM:
| QMMM:              Internal diag routine = 0.118317 seconds
| QMMM:                 Dspev diag routine = 0.157504 seconds
| QMMM:                Dspevd diag routine = 0.095780 seconds
| QMMM:                Dspevx diag routine = 0.352993 seconds
| QMMM:                 Dsyev diag routine = 0.080392 seconds
| QMMM:                Dsyevd diag routine = 0.055689 seconds
| QMMM:                Dsyevr diag routine = 0.059453 seconds
| QMMM:
| QMMM:                Pseudo diag routine = 0.033316 seconds
| QMMM:
| QMMM: Using dsyevd routine (diag_routine=6).

  QMMM: QM Region Cartesian Coordinates (*=link atom) 
  QMMM: QM_NO.   MM_NO.  ATOM         X         Y         Z
  QMMM:     1        1      C       13.2130   -0.1560   -0.8200
  QMMM:     2        2      C       13.2070   -1.0000    0.4590
  QMMM:     3        3      C       13.9610   -0.2490    1.5630
  QMMM:     4        4      O       13.8520   -2.2170    0.1000
  QMMM:     5        5      C       13.9960   -3.2300    1.0210
  QMMM:     6        6      C       13.2860   -3.3350    2.2440
  QMMM:     7        7      C       13.5620   -4.3910    3.1400
  QMMM:     8        8      C       14.5420   -5.3610    2.8130
  QMMM:     9        9      N       14.9040   -6.4520    3.6390
  QMMM:    10       10      C       14.9280   -6.5420    4.9790
  QMMM:    11       11      O       14.3680   -5.7440    5.7270
  QMMM:    12       12      C       15.6680   -7.7770    5.5540
  QMMM:    13       13      C       16.1430   -7.5920    7.0290
  QMMM:    14       14      C       17.6250   -7.9930    7.1730
  QMMM:    15       15      C       18.4760   -7.0580    6.2860
  QMMM:    16       16      C       18.0480   -7.2120    4.8040
  QMMM:    17       17      C       16.8900   -8.2380    4.6940
  QMMM:    18       18      N       17.3990   -9.5110    5.2450
  QMMM:    19       19      S       18.0070  -10.7640    4.2010
  QMMM:    20       20      O       17.9340  -10.2890    2.8090
  QMMM:    21       21      O       19.2680  -11.2640    4.7640
  QMMM:    22       22      C       16.8350  -12.0720    4.3510
  QMMM:    23       23      C       16.7240  -13.0350    3.3020
  QMMM:    24       24      C       15.7730  -13.9830    3.5730
  QMMM:    25       25      S       15.0070  -13.7100    5.1200
  QMMM:    26       26      C       15.9670  -12.2840    5.3890
  QMMM:    27       27      C       17.8040   -9.4450    6.6680
  QMMM:    28       28      C       15.2030   -5.2820    1.5720
  QMMM:    29       29      C       14.9340   -4.2260    0.6890
  QMMM:    30       30      H       14.0950   -0.4030   -1.4240
  QMMM:    31       31      H       13.2550    0.9100   -0.5660
  QMMM:    32       32      H       12.3160   -0.3690   -1.4150
  QMMM:    33       33      H       12.1730   -1.1780    0.7760
  QMMM:    34       34      H       13.7160    0.8190    1.5200
  QMMM:    35       35      H       15.0430   -0.3620    1.4230
  QMMM:    36       36      H       13.6640   -0.6320    2.5470
  QMMM:    37       37      H       12.5260   -2.5990    2.4930
  QMMM:    38       38      H       13.0230   -4.4600    4.0810
  QMMM:    39       39      H       15.1850   -7.2830    3.1330
  QMMM:    40       40      H       14.9840   -8.6330    5.5090
  QMMM:    41       41      H       15.5310   -8.2200    7.6890
  QMMM:    42       42      H       16.0210   -6.5410    7.3200
  QMMM:    43       43      H       17.9360   -7.8960    8.2200
  QMMM:    44       44      H       19.5360   -7.3190    6.3900
  QMMM:    45       45      H       18.3280   -6.0180    6.6040
  QMMM:    46       46      H       18.9030   -7.5600    4.2120
  QMMM:    47       47      H       17.7140   -6.2410    4.4180
  QMMM:    48       48      H       16.5820   -8.3230    3.6440
  QMMM:    49       49      H       17.3230  -13.0120    2.4010
  QMMM:    50       50      H       15.4720  -14.8260    2.9650
  QMMM:    51       51      H       15.8320  -11.6980    6.2880
  QMMM:    52       52      H       17.1790  -10.1210    7.2650
  QMMM:    53       53      H       18.8550   -9.7420    6.7690
  QMMM:    54       54      H       15.9260   -6.0440    1.2970
  QMMM:    55       55      H       15.4560   -4.1750   -0.2620

--------------------------------------------------------------------------------
  RESULTS
--------------------------------------------------------------------------------

      iter         sqm energy              rms gradient
      ----    -------------------    -----------------------
xmin    10      -90.6489 kcal/mol        0.5645 kcal/(mol*A)
xmin    20      -91.9808 kcal/mol        0.4866 kcal/(mol*A)
xmin    30      -93.0570 kcal/mol        0.4891 kcal/(mol*A)
xmin    40      -93.5201 kcal/mol        0.1816 kcal/(mol*A)
xmin    50      -93.7202 kcal/mol        0.0729 kcal/(mol*A)
xmin    60      -93.7563 kcal/mol        0.0799 kcal/(mol*A)
xmin    70      -93.7605 kcal/mol        0.0198 kcal/(mol*A)
xmin    80      -93.7612 kcal/mol        0.0070 kcal/(mol*A)
xmin    90      -93.7631 kcal/mol        0.0171 kcal/(mol*A)
xmin   100      -93.7637 kcal/mol        0.0029 kcal/(mol*A)
xmin   110      -93.7638 kcal/mol        0.0024 kcal/(mol*A)
xmin   120      -93.7638 kcal/mol        0.0014 kcal/(mol*A)
xmin   130      -93.7639 kcal/mol        0.0009 kcal/(mol*A)
  ... geometry converged !
 
 Final MO eigenvalues (eV):
 -41.9011  -40.5014  -39.4658  -38.6043  -37.9253  -37.7785  -36.9129  -35.2913
 -34.4966  -33.6449  -32.5684  -31.9315  -31.5227  -30.8049  -29.2096  -27.9848
 -26.6919  -25.8996  -25.1270  -24.0308  -23.8918  -23.1022  -22.3280  -21.5856
 -21.2825  -20.3372  -19.3930  -18.8802  -18.8096  -18.3430  -18.2247  -18.0139
 -17.8113  -17.6680  -16.6187  -16.2619  -16.1860  -16.1356  -15.7107  -15.3792
 -15.3222  -15.2102  -14.8587  -14.7449  -14.6727  -14.4842  -14.4436  -14.2456
 -14.1185  -13.9592  -13.8045  -13.6015  -13.4709  -13.4037  -13.3475  -13.2812
 -13.1095  -13.0671  -12.9985  -12.9117  -12.8546  -12.7419  -12.6761  -12.6186
 -12.0596  -12.0507  -11.9813  -11.6994  -11.5925  -11.4839  -11.2628  -10.8601
 -10.8158  -10.4725  -10.2167  -10.0731   -9.7999   -8.3645   -0.7447   -0.3651
   0.2169    0.3482    0.5202    0.5859    0.6903    1.3555    1.6856    2.1699
   2.4169    2.8971    2.9175    3.0731    3.1807    3.2068    3.3708    3.4360
   3.5003    3.6019    3.6354    3.6833    3.7843    3.8201    3.8486    3.8655
   3.9036    3.9364    3.9843    3.9984    4.0051    4.0668    4.1168    4.1898
   4.2045    4.2574    4.3335    4.3996    4.4115    4.4809    4.5118    4.5308
   4.5769    4.6113    4.6512    4.7075    4.7795    4.8222    4.8330    4.8879
   4.9240    4.9275    5.0098    5.0152    5.1056    5.1522    5.3039    5.3295
   5.4724    5.5326    5.9229    6.1623    6.6093    6.8955

 Heat of formation   =        -93.76385705 kcal/mol  (       -4.06590595 eV)

 Total SCF energy    =    -118312.87972145 kcal/mol  (    -5130.43145230 eV)
 Electronic energy   =    -963247.06941659 kcal/mol  (   -41769.52731523 eV)
 Core-core repulsion =     844934.18969513 kcal/mol  (    36639.09586293 eV)
 
    Atomic Charges for Step       1 :
  Atom    Element       Mulliken Charge
     1      C                 -0.214
     2      C                  0.030
     3      C                 -0.243
     4      O                 -0.216
     5      C                  0.066
     6      C                 -0.185
     7      C                 -0.115
     8      C                  0.033
     9      N                 -0.323
    10      C                  0.313
    11      O                 -0.355
    12      C                 -0.140
    13      C                 -0.149
    14      C                 -0.108
    15      C                 -0.152
    16      C                 -0.169
    17      C                  0.052
    18      N                 -0.838
    19      S                  2.880
    20      O                 -0.942
    21      O                 -0.929
    22      C                 -0.868
    23      C                 -0.054
    24      C                 -0.470
    25      S                  0.656
    26      C                 -0.335
    27      C                 -0.010
    28      C                 -0.146
    29      C                 -0.136
    30      H                  0.091
    31      H                  0.083
    32      H                  0.088
    33      H                  0.087
    34      H                  0.082
    35      H                  0.091
    36      H                  0.088
    37      H                  0.140
    38      H                  0.170
    39      H                  0.230
    40      H                  0.110
    41      H                  0.084
    42      H                  0.125
    43      H                  0.106
    44      H                  0.087
    45      H                  0.096
    46      H                  0.097
    47      H                  0.101
    48      H                  0.121
    49      H                  0.174
    50      H                  0.181
    51      H                  0.189
    52      H                  0.069
    53      H                  0.096
    54      H                  0.134
    55      H                  0.150
 Total Mulliken Charge =      -0.000
 
                  X        Y        Z     TOTAL  
  QM DIPOLE    -4.258   -1.687    2.290    5.121
 
 Final Structure

  QMMM: QM Region Cartesian Coordinates (*=link atom) 
  QMMM: QM_NO.   MM_NO.  ATOM         X         Y         Z
  QMMM:     1        1      C       12.4832   -0.4734   -0.7338
  QMMM:     2        2      C       13.1503   -1.0902    0.4843
  QMMM:     3        3      C       14.1631   -0.1429    1.0972
  QMMM:     4        4      O       13.8046   -2.2722   -0.0117
  QMMM:     5        5      C       14.1319   -3.2501    0.9052
  QMMM:     6        6      C       13.9072   -3.1901    2.2827
  QMMM:     7        7      C       14.2768   -4.2564    3.0998
  QMMM:     8        8      C       14.8868   -5.4014    2.5536
  QMMM:     9        9      N       15.2591   -6.5167    3.3275
  QMMM:    10       10      C       15.4251   -6.5599    4.7038
  QMMM:    11       11      O       15.1758   -5.5875    5.4397
  QMMM:    12       12      C       15.8935   -7.9014    5.2675
  QMMM:    13       13      C       15.8533   -7.9339    6.7969
  QMMM:    14       14      C       17.2300   -8.3014    7.3446
  QMMM:    15       15      C       18.2303   -7.2239    6.9342
  QMMM:    16       16      C       18.2646   -7.1270    5.4150
  QMMM:    17       17      C       17.3481   -8.2144    4.8100
  QMMM:    18       18      N       17.7330   -9.5342    5.2800
  QMMM:    19       19      S       18.1733  -10.7662    4.3131
  QMMM:    20       20      O       18.2593  -10.2967    2.9810
  QMMM:    21       21      O       19.3164  -11.4007    4.8394
  QMMM:    22       22      C       16.8882  -11.8274    4.4230
  QMMM:    23       23      C       15.8408  -11.9050    3.4459
  QMMM:    24       24      C       14.9316  -12.8921    3.7471
  QMMM:    25       25      S       15.3481  -13.6870    5.1550
  QMMM:    26       26      C       16.7001  -12.7811    5.4143
  QMMM:    27       27      C       17.6772   -9.6388    6.7220
  QMMM:    28       28      C       15.1140   -5.4456    1.1545
  QMMM:    29       29      C       14.7406   -4.3890    0.3416
  QMMM:    30       30      H       13.2439   -0.2373   -1.5155
  QMMM:    31       31      H       11.9644    0.4662   -0.4304
  QMMM:    32       32      H       11.7397   -1.1837   -1.1668
  QMMM:    33       33      H       12.3674   -1.3785    1.2391
  QMMM:    34       34      H       13.6441    0.7696    1.4747
  QMMM:    35       35      H       14.9198    0.1596    0.3342
  QMMM:    36       36      H       14.6974   -0.6359    1.9444
  QMMM:    37       37      H       13.4430   -2.3080    2.7465
  QMMM:    38       38      H       14.0896   -4.1829    4.1842
  QMMM:    39       39      H       15.5441   -7.3174    2.8078
  QMMM:    40       40      H       15.2008   -8.6958    4.8712
  QMMM:    41       41      H       15.1002   -8.6913    7.1336
  QMMM:    42       42      H       15.5429   -6.9368    7.2071
  QMMM:    43       43      H       17.1923   -8.4069    8.4578
  QMMM:    44       44      H       19.2448   -7.4828    7.3312
  QMMM:    45       45      H       17.9297   -6.2416    7.3799
  QMMM:    46       46      H       19.3090   -7.2537    5.0346
  QMMM:    47       47      H       17.8949   -6.1255    5.0756
  QMMM:    48       48      H       17.4265   -8.1971    3.6855
  QMMM:    49       49      H       15.8123  -11.2560    2.5641
  QMMM:    50       50      H       14.0526  -13.1462    3.1564
  QMMM:    51       51      H       17.3822  -12.9329    6.2559
  QMMM:    52       52      H       16.9477  -10.4491    7.0117
  QMMM:    53       53      H       18.6951   -9.9183    7.1180
  QMMM:    54       54      H       15.5916   -6.3248    0.6939
  QMMM:    55       55      H       14.9155   -4.4245   -0.7434

           --------- Calculation Completed ----------

