            --------------------------------------------------------
                             AMBER SQM VERSION 19
 
                                     By
              Ross C. Walker, Michael F. Crowley, Scott Brozell,
                         Tim Giese, Andreas W. Goetz,
                        Tai-Sung Lee and David A. Case
 
            --------------------------------------------------------
 

--------------------------------------------------------------------------------
  QM CALCULATION INFO
--------------------------------------------------------------------------------

| QMMM: Citation for AMBER QMMM Run:
| QMMM: R.C. Walker, M.F. Crowley and D.A. Case, J. COMP. CHEM. 29:1019, 2008

QMMM: SINGLET STATE CALCULATION
QMMM: RHF CALCULATION, NO. OF DOUBLY OCCUPIED LEVELS = 78

| QMMM: *** Selected Hamiltonian *** 
| QMMM: AM1         

| QMMM: *** Parameter sets in use ***
| QMMM: C : M.J.S.DEWAR et al. JACS, 107, 3902, (1985)
| QMMM: O : M.J.S.DEWAR et al. JACS, 107, 3902, (1985)
| QMMM: N : M.J.S.DEWAR et al. JACS, 107, 3902, (1985)
| QMMM: S : M.J.S.DEWAR et al. INORG. CHEM., 29, 3881, (1990)
| QMMM: H : M.J.S.DEWAR et al. JACS, 107, 3902, (1985)

| QMMM: *** SCF convergence criteria ***
| QMMM: Energy change                :  0.1D-09 kcal/mol
| QMMM: Error matrix |FP-PF|         :  0.1D+00 au
| QMMM: Density matrix change        :  0.5D-06
| QMMM: Maximum number of SCF cycles :     1000

| QMMM: *** Diagonalization Routine Information ***
| QMMM: Pseudo diagonalizations are allowed.
| QMMM: Auto diagonalization routine selection is in use.
| QMMM:
| QMMM: Timing diagonalization routines:
| QMMM:                              norbs =      142
| QMMM:    diag iterations used for timing =       10
| QMMM:
| QMMM:              Internal diag routine = 0.142818 seconds
| QMMM:                 Dspev diag routine = 0.152488 seconds
| QMMM:                Dspevd diag routine = 0.117856 seconds
| QMMM:                Dspevx diag routine = 0.457277 seconds
| QMMM:                 Dsyev diag routine = 0.157103 seconds
| QMMM:                Dsyevd diag routine = 0.098119 seconds
| QMMM:                Dsyevr diag routine = 0.062917 seconds
| QMMM:
| QMMM:                Pseudo diag routine = 0.035165 seconds
| QMMM:
| QMMM: Using dsyevr routine (diag_routine=7).

  QMMM: QM Region Cartesian Coordinates (*=link atom) 
  QMMM: QM_NO.   MM_NO.  ATOM         X         Y         Z
  QMMM:     1        1      C        1.4430    3.7750   -3.8320
  QMMM:     2        2      C        0.0150    3.4310   -4.2330
  QMMM:     3        3      C       -0.9060    3.5650   -3.0090
  QMMM:     4        4      O       -0.0260    2.0870   -4.7010
  QMMM:     5        5      C        0.1210    1.7870   -6.0420
  QMMM:     6        6      C       -0.0170    0.4310   -6.3990
  QMMM:     7        7      C       -0.0310    0.0340   -7.7490
  QMMM:     8        8      C        0.1080    0.9880   -8.7780
  QMMM:     9        9      N        0.0080    0.5110  -10.1160
  QMMM:    10       10      C       -0.0890    1.1840  -11.2770
  QMMM:    11       11      O       -0.0750    2.4090  -11.3730
  QMMM:    12       12      C       -0.2150    0.3070  -12.5400
  QMMM:    13       13      C        0.9700    0.5210  -13.5280
  QMMM:    14       14      C        0.4280    0.8020  -14.9470
  QMMM:    15       15      C       -0.4100    2.1000  -14.9020
  QMMM:    16       16      C       -1.6440    1.8870  -13.9920
  QMMM:    17       17      C       -1.5620    0.5020  -13.3010
  QMMM:    18       18      N       -1.5930   -0.5030  -14.3870
  QMMM:    19       19      S       -3.0380   -1.3820  -14.7730
  QMMM:    20       20      O       -4.1930   -0.5260  -14.4600
  QMMM:    21       21      O       -2.8740   -1.9720  -16.1120
  QMMM:    22       22      C       -3.0670   -2.7340  -13.6360
  QMMM:    23       23      C       -3.2590   -2.4990  -12.2440
  QMMM:    24       24      C       -3.2730   -3.6650  -11.5210
  QMMM:    25       25      S       -3.0630   -5.0630  -12.5440
  QMMM:    26       26      C       -2.9450   -4.0580  -13.9620
  QMMM:    27       27      C       -0.4950   -0.3670  -15.3760
  QMMM:    28       28      C        0.3340    2.3390   -8.4250
  QMMM:    29       29      C        0.3440    2.7310   -7.0740
  QMMM:    30       30      H        1.6610    3.3590   -2.8400
  QMMM:    31       31      H        1.5680    4.8640   -3.7850
  QMMM:    32       32      H        2.1500    3.3430   -4.5510
  QMMM:    33       33      H       -0.3200    4.1170   -5.0200
  QMMM:    34       34      H       -0.8730    4.5940   -2.6300
  QMMM:    35       35      H       -0.5700    2.8920   -2.2100
  QMMM:    36       36      H       -1.9410    3.3330   -3.2900
  QMMM:    37       37      H       -0.1140   -0.3190   -5.6200
  QMMM:    38       38      H       -0.1490   -1.0160   -8.0010
  QMMM:    39       39      H        0.0110   -0.4980  -10.1950
  QMMM:    40       40      H       -0.2380   -0.7450  -12.2290
  QMMM:    41       41      H        1.5960   -0.3800  -13.5480
  QMMM:    42       42      H        1.5750    1.3720  -13.1930
  QMMM:    43       43      H        1.2650    0.9240  -15.6470
  QMMM:    44       44      H       -0.7410    2.3590  -15.9160
  QMMM:    45       45      H        0.2030    2.9190  -14.5050
  QMMM:    46       46      H       -2.5570    1.9380  -14.5980
  QMMM:    47       47      H       -1.6740    2.6740  -13.2290
  QMMM:    48       48      H       -2.3890    0.4140  -12.5850
  QMMM:    49       49      H       -3.3790   -1.5130  -11.8140
  QMMM:    50       50      H       -3.3930   -3.7910  -10.4530
  QMMM:    51       51      H       -2.7940   -4.5040  -14.9360
  QMMM:    52       52      H        0.0860   -1.2960  -15.4170
  QMMM:    53       53      H       -0.9140   -0.1580  -16.3680
  QMMM:    54       54      H        0.5010    3.0780   -9.2030
  QMMM:    55       55      H        0.5250    3.7710   -6.8190

--------------------------------------------------------------------------------
  RESULTS
--------------------------------------------------------------------------------

      iter         sqm energy              rms gradient
      ----    -------------------    -----------------------
xmin    10      -91.5466 kcal/mol        1.5932 kcal/(mol*A)
xmin    20      -92.7007 kcal/mol        0.1091 kcal/(mol*A)
xmin    30      -92.8714 kcal/mol        0.3263 kcal/(mol*A)
xmin    40      -92.9645 kcal/mol        0.1834 kcal/(mol*A)
xmin    50      -93.2189 kcal/mol        0.3311 kcal/(mol*A)
xmin    60      -93.3171 kcal/mol        0.2526 kcal/(mol*A)
xmin    70      -93.4207 kcal/mol        0.0482 kcal/(mol*A)
xmin    80      -93.4991 kcal/mol        0.0826 kcal/(mol*A)
xmin    90      -93.5737 kcal/mol        0.0947 kcal/(mol*A)
xmin   100      -93.6152 kcal/mol        0.0814 kcal/(mol*A)
xmin   110      -93.6467 kcal/mol        0.0789 kcal/(mol*A)
xmin   120      -93.6839 kcal/mol        0.0309 kcal/(mol*A)
xmin   130      -93.7194 kcal/mol        0.1459 kcal/(mol*A)
xmin   140      -93.7437 kcal/mol        0.0999 kcal/(mol*A)
xmin   150      -93.7639 kcal/mol        0.0878 kcal/(mol*A)
xmin   160      -93.7682 kcal/mol        0.0127 kcal/(mol*A)
xmin   170      -93.7686 kcal/mol        0.0123 kcal/(mol*A)
xmin   180      -93.7691 kcal/mol        0.0095 kcal/(mol*A)
xmin   190      -93.7701 kcal/mol        0.0061 kcal/(mol*A)
xmin   200      -93.7705 kcal/mol        0.0187 kcal/(mol*A)
xmin   210      -93.7709 kcal/mol        0.0026 kcal/(mol*A)
xmin   220      -93.7709 kcal/mol        0.0074 kcal/(mol*A)
xmin   230      -93.7709 kcal/mol        0.0022 kcal/(mol*A)
xmin   240      -93.7709 kcal/mol        0.0016 kcal/(mol*A)
xmin   250      -93.7709 kcal/mol        0.0008 kcal/(mol*A)
  ... geometry converged !
 
 Final MO eigenvalues (eV):
 -41.9036  -40.4951  -39.4632  -38.6053  -37.9252  -37.7799  -36.9144  -35.2962
 -34.4986  -33.6447  -32.5691  -31.9338  -31.5271  -30.8058  -29.1912  -27.9933
 -26.6932  -25.9020  -25.1295  -24.0143  -23.8944  -23.1000  -22.3291  -21.6080
 -21.2872  -20.3399  -19.3940  -18.8902  -18.8161  -18.3471  -18.2307  -18.0155
 -17.8136  -17.6705  -16.6214  -16.2072  -16.1644  -16.1312  -15.7034  -15.3891
 -15.2927  -15.2743  -14.8498  -14.7629  -14.6909  -14.4778  -14.4470  -14.2652
 -14.0980  -13.9599  -13.7829  -13.6508  -13.4968  -13.4065  -13.3253  -13.2694
 -13.0956  -13.0592  -13.0017  -12.9130  -12.8542  -12.7778  -12.6787  -12.6205
 -12.0924  -12.0517  -11.8372  -11.7375  -11.6264  -11.4909  -11.2650  -10.8510
 -10.8309  -10.4736  -10.2180  -10.0745   -9.8025   -8.3747   -0.7458   -0.3664
   0.2159    0.3399    0.5171    0.5849    0.6894    1.3518    1.6788    2.1685
   2.4236    2.8928    2.9173    3.0708    3.1788    3.2046    3.3688    3.4339
   3.4988    3.6000    3.6379    3.6813    3.7824    3.8187    3.8476    3.8651
   3.9138    3.9353    3.9879    3.9964    4.0049    4.0647    4.1149    4.1906
   4.2030    4.2558    4.3248    4.4017    4.4095    4.4791    4.5108    4.5287
   4.5777    4.6092    4.6484    4.7073    4.7786    4.8201    4.8311    4.8858
   4.9251    4.9260    5.0022    5.0194    5.1032    5.1502    5.3007    5.3267
   5.4704    5.5327    5.9189    6.1578    6.6059    6.8913

 Heat of formation   =        -93.77094403 kcal/mol  (       -4.06621326 eV)

 Total SCF energy    =    -118312.88680844 kcal/mol  (    -5130.43175961 eV)
 Electronic energy   =    -962806.99938680 kcal/mol  (   -41750.44444676 eV)
 Core-core repulsion =     844494.11257835 kcal/mol  (    36620.01268715 eV)
 
    Atomic Charges for Step       1 :
  Atom    Element       Mulliken Charge
     1      C                 -0.241
     2      C                  0.029
     3      C                 -0.216
     4      O                 -0.216
     5      C                  0.065
     6      C                 -0.135
     7      C                 -0.147
     8      C                  0.034
     9      N                 -0.323
    10      C                  0.313
    11      O                 -0.355
    12      C                 -0.140
    13      C                 -0.149
    14      C                 -0.108
    15      C                 -0.152
    16      C                 -0.169
    17      C                  0.052
    18      N                 -0.838
    19      S                  2.880
    20      O                 -0.942
    21      O                 -0.929
    22      C                 -0.868
    23      C                 -0.054
    24      C                 -0.470
    25      S                  0.656
    26      C                 -0.335
    27      C                 -0.010
    28      C                 -0.116
    29      C                 -0.183
    30      H                  0.091
    31      H                  0.082
    32      H                  0.086
    33      H                  0.089
    34      H                  0.083
    35      H                  0.090
    36      H                  0.088
    37      H                  0.150
    38      H                  0.134
    39      H                  0.230
    40      H                  0.110
    41      H                  0.084
    42      H                  0.125
    43      H                  0.106
    44      H                  0.087
    45      H                  0.096
    46      H                  0.097
    47      H                  0.101
    48      H                  0.121
    49      H                  0.174
    50      H                  0.181
    51      H                  0.189
    52      H                  0.069
    53      H                  0.096
    54      H                  0.170
    55      H                  0.140
 Total Mulliken Charge =       0.000
 
                  X        Y        Z     TOTAL  
  QM DIPOLE     3.969   -2.880   -0.497    4.929
 
 Final Structure

  QMMM: QM Region Cartesian Coordinates (*=link atom) 
  QMMM: QM_NO.   MM_NO.  ATOM         X         Y         Z
  QMMM:     1        1      C        1.6396    3.1027   -3.9212
  QMMM:     2        2      C        0.3821    3.7790   -4.4320
  QMMM:     3        3      C       -0.2992    4.5781   -3.3337
  QMMM:     4        4      O       -0.5839    2.7876   -4.8283
  QMMM:     5        5      C       -0.5000    2.3035   -6.1180
  QMMM:     6        6      C       -1.5984    1.5163   -6.5153
  QMMM:     7        7      C       -1.6255    0.9591   -7.7825
  QMMM:     8        8      C       -0.5575    1.1696   -8.6915
  QMMM:     9        9      N       -0.6268    0.5588   -9.9578
  QMMM:    10       10      C        0.1217    0.8780  -11.0810
  QMMM:    11       11      O        1.0283    1.7305  -11.0621
  QMMM:    12       12      C       -0.2104    0.0785  -12.3409
  QMMM:    13       13      C        0.7882    0.3363  -13.4715
  QMMM:    14       14      C        0.0473    0.8043  -14.7215
  QMMM:    15       15      C       -0.6526    2.1260  -14.4169
  QMMM:    16       16      C       -1.6233    1.9224  -13.2614
  QMMM:    17       17      C       -1.6358    0.4306  -12.8579
  QMMM:    18       18      N       -1.9619   -0.4098  -13.9973
  QMMM:    19       19      S       -3.2238   -1.4347  -14.0571
  QMMM:    20       20      O       -4.0142   -1.2585  -12.8967
  QMMM:    21       21      O       -3.8797   -1.3118  -15.2985
  QMMM:    22       22      C       -2.5067   -2.9416  -13.9907
  QMMM:    23       23      C       -2.3971   -3.7129  -12.7861
  QMMM:    24       24      C       -1.8091   -4.9354  -13.0126
  QMMM:    25       25      S       -1.4181   -5.1278  -14.6243
  QMMM:    26       26      C       -1.9882   -3.6468  -15.0685
  QMMM:    27       27      C       -1.0270   -0.2387  -15.0882
  QMMM:    28       28      C        0.5339    1.9561   -8.2767
  QMMM:    29       29      C        0.5608    2.5169   -7.0017
  QMMM:    30       30      H        1.3997    2.4537   -3.0451
  QMMM:    31       31      H        2.3810    3.8753   -3.6080
  QMMM:    32       32      H        2.0919    2.4636   -4.7166
  QMMM:    33       33      H        0.6183    4.4537   -5.3006
  QMMM:    34       34      H        0.4066    5.3526   -2.9518
  QMMM:    35       35      H       -0.5980    3.9070   -2.4936
  QMMM:    36       36      H       -1.2151    5.0760   -3.7314
  QMMM:    37       37      H       -2.4265    1.3522   -5.8106
  QMMM:    38       38      H       -2.4947    0.3486   -8.0740
  QMMM:    39       39      H       -1.3752   -0.0879  -10.0764
  QMMM:    40       40      H       -0.1735   -1.0135  -12.0688
  QMMM:    41       41      H        1.3472   -0.6075  -13.6970
  QMMM:    42       42      H        1.5379    1.1143  -13.1693
  QMMM:    43       43      H        0.7585    0.9181  -15.5777
  QMMM:    44       44      H       -1.1997    2.4797  -15.3276
  QMMM:    45       45      H        0.1089    2.9033  -14.1528
  QMMM:    46       46      H       -2.6541    2.2482  -13.5494
  QMMM:    47       47      H       -1.3087    2.5257  -12.3716
  QMMM:    48       48      H       -2.4069    0.2594  -12.0534
  QMMM:    49       49      H       -2.7696   -3.3507  -11.8220
  QMMM:    50       50      H       -1.6201   -5.6977  -12.2580
  QMMM:    51       51      H       -1.9817   -3.2757  -16.0974
  QMMM:    52       52      H       -0.5291   -1.2254  -15.3143
  QMMM:    53       53      H       -1.5824    0.0989  -16.0095
  QMMM:    54       54      H        1.3818    2.1436   -8.9566
  QMMM:    55       55      H        1.4315    3.1214   -6.7093

           --------- Calculation Completed ----------

